<?xml version="1.0" encoding="UTF-8" ?>
<testsuite errors="0" failures="1" hostname="ventails1" name="com.ibm.ws.wssecurity.fat.cxf.FATSuite" tests="2" time="166.986" timestamp="2021-06-06T07:18:26">
  <properties>
[...]
</properties>
  <testcase classname="com.ibm.ws.wssecurity.fat.cxf.x509token.CxfX509ASyncTests" name="testCxfAsyncInvokeNonBlocking" time="3.081" />
  <testcase classname="com.ibm.ws.wssecurity.fat.cxf.x509token.CxfX509ASyncTests" name="testCxfAsyncInvokeNonBlocking_EE8_FEATURES" time="11.555">
    <failure message="2021-06-06-00:21:06:220 &#xa;Expected: &#xa;Response: null&#xa; But received: &#xa;&lt;html&gt;&lt;head&gt;&lt;title&gt;CXF x509 Async Service Cleint&lt;/title&gt;&lt;/head&gt;&lt;body&gt;&lt;p&gt;Request: CXF x509 Async Service Client&lt;/p&gt;&lt;p&gt;Response: java.util.concurrent.ExecutionException: javax.xml.ws.soap.SOAPFaultException: com.ibm.ws.wssecurity.example.cbhwss4j.CommonPasswordCallbackWss4j cannot be found by com.ibm.ws.org.apache.cxf.rt.security.3.4.1_1.0.53.202106011250&lt;/p&gt;&lt;/body&gt;&lt;/html&gt;&#xa;" type="junit.framework.AssertionFailedError">junit.framework.AssertionFailedError: 2021-06-06-00:21:06:220 
Expected: 
Response: null
 But received: 
&lt;html&gt;&lt;head&gt;&lt;title&gt;CXF x509 Async Service Cleint&lt;/title&gt;&lt;/head&gt;&lt;body&gt;&lt;p&gt;Request: CXF x509 Async Service Client&lt;/p&gt;&lt;p&gt;Response: java.util.concurrent.ExecutionException: javax.xml.ws.soap.SOAPFaultException: com.ibm.ws.wssecurity.example.cbhwss4j.CommonPasswordCallbackWss4j cannot be found by com.ibm.ws.org.apache.cxf.rt.security.3.4.1_1.0.53.202106011250&lt;/p&gt;&lt;/body&gt;&lt;/html&gt;

	at com.ibm.ws.wssecurity.fat.utils.common.CommonTests.genericAsyncTestSub(CommonTests.java:629)
	at com.ibm.ws.wssecurity.fat.utils.common.CommonTests.genericAsyncTest(CommonTests.java:380)
	at com.ibm.ws.wssecurity.fat.utils.common.CommonTests.genericAsyncTest(CommonTests.java:327)
	at com.ibm.ws.wssecurity.fat.cxf.x509token.CxfX509ASyncTests.testCxfAsyncInvokeNonBlocking(CxfX509ASyncTests.java:120)
	at componenttest.custom.junit.runner.FATRunner$1.evaluate(FATRunner.java:197)
	at componenttest.custom.junit.runner.FATRunner$2.evaluate(FATRunner.java:318)
	at componenttest.custom.junit.runner.FATRunner.run(FATRunner.java:171)
	at componenttest.rules.repeater.RepeatTests$CompositeRepeatTestActionStatement.evaluate(RepeatTests.java:115)
</failure>
  </testcase>
  <system-out><![CDATA[[06/06/2021 00:18:25:936 PDT] 001 TestModeFilter                 <clinit>                       I System property: fat.test.mode is FULL running in test mode FULL
[06/06/2021 00:18:26:052 PDT] 001 TestNameFilter                 <clinit>                       I Running only test class with name: com.ibm.ws.wssecurity.fat.cxf.x509token.CxfX509ASyncTests
[06/06/2021 00:18:26:052 PDT] 001 TestNameFilter                 <clinit>                       I Running only test with method name: testCxfAsyncInvokeNonBlocking
[06/06/2021 00:18:26:052 PDT] 001 FeatureFilter                  <clinit>                       I System property: fat.test.feature.under.test is null
[06/06/2021 00:18:26:052 PDT] 001 JavaLevelFilter                <clinit>                       I System property: fat.test.feature.under.test is null
[06/06/2021 00:18:26:052 PDT] 001 FATRunner                      <clinit>                       I Is this FAT running locally?  fat.test.localrun=true
[06/06/2021 00:18:26:052 PDT] 001 FATRunner                      <clinit>                       I Using filters [componenttest.custom.junit.runner.TestModeFilter@2f22a48e, componenttest.custom.junit.runner.TestNameFilter@29342c25, componenttest.custom.junit.runner.FeatureFilter@b5cc0071, componenttest.custom.junit.runner.SystemPropertyFilter@fef085f1, componenttest.custom.junit.runner.JavaLevelFilter@3142ca88]
[06/06/2021 00:18:26:221 PDT] 001 Log                            warning                        W All tests were filtered out for class com.ibm.ws.wssecurity.fat.cxf.x509migtoken.CxfX509MigTests
[06/06/2021 00:18:26:252 PDT] 001 Log                            warning                        W All tests were filtered out for class com.ibm.ws.wssecurity.fat.cxf.sha2sig.CxfSha2SigTests
[06/06/2021 00:18:26:268 PDT] 001 Log                            warning                        W All tests were filtered out for class com.ibm.ws.wssecurity.fat.cxf.wss11sig.CxfWss11SigTests
[06/06/2021 00:18:26:290 PDT] 001 Log                            warning                        W All tests were filtered out for class com.ibm.ws.wssecurity.fat.cxf.wss11enc.CxfWss11EncTests
[06/06/2021 00:18:26:290 PDT] 001 Log                            warning                        W All tests were filtered out for class com.ibm.ws.wssecurity.fat.cxf.x509token.CxfX509BasicTests
[06/06/2021 00:18:26:305 PDT] 001 Log                            warning                        W All tests were filtered out for class com.ibm.ws.wssecurity.fat.cxf.x509token.CxfX509EncTests
[06/06/2021 00:18:26:305 PDT] 001 Log                            warning                        W All tests were filtered out for class com.ibm.ws.wssecurity.fat.cxf.x509token.CxfX509ObjectTests
[06/06/2021 00:18:26:321 PDT] 001 Log                            warning                        W All tests were filtered out for class com.ibm.ws.wssecurity.fat.cxf.x509token.CxfX509OverRideTests
[06/06/2021 00:18:26:321 PDT] 001 Log                            warning                        W All tests were filtered out for class com.ibm.ws.wssecurity.fat.cxf.x509token.CxfX509SigTests
[06/06/2021 00:18:26:337 PDT] 001 Log                            warning                        W All tests were filtered out for class com.ibm.ws.wssecurity.fat.cxf.x509token.CxfX509StrTypeTests
[06/06/2021 00:18:26:337 PDT] 001 Log                            warning                        W All tests were filtered out for class com.ibm.ws.wssecurity.fat.cxf.x509token.CxfX509CrlTests
[06/06/2021 00:18:26:352 PDT] 001 Log                            warning                        W All tests were filtered out for class com.ibm.ws.wssecurity.fat.cxf.x509migtoken.CxfX509MigSymSha2NegativeTests
[06/06/2021 00:18:26:368 PDT] 001 Log                            warning                        W All tests were filtered out for class com.ibm.ws.wssecurity.fat.cxf.x509migtoken.CxfX509MigSymTests
[06/06/2021 00:18:26:390 PDT] 001 Log                            warning                        W All tests were filtered out for class com.ibm.ws.wssecurity.fat.cxf.x509migtoken.CxfEndSupTokensAsymTests
[06/06/2021 00:18:26:405 PDT] 001 Log                            warning                        W All tests were filtered out for class com.ibm.ws.wssecurity.fat.cxf.x509migtoken.CxfEndSupTokensSymTests
[06/06/2021 00:18:26:590 PDT] 001 CompositeRepeatTestActionState evaluate                       I All tests attempt to run 2 times:
[06/06/2021 00:18:26:590 PDT] 001 CompositeRepeatTestActionState evaluate                       I   [0] No modifications
[06/06/2021 00:18:26:590 PDT] 001 CompositeRepeatTestActionState evaluate                       I   [1] Set all features to EE8 compatibility
[06/06/2021 00:18:26:590 PDT] 001 CompositeRepeatTestActionState evaluate                       I ===================================
[06/06/2021 00:18:26:590 PDT] 001 CompositeRepeatTestActionState evaluate                       I 
[06/06/2021 00:18:26:590 PDT] 001 CompositeRepeatTestActionState evaluate                       I Running tests with action: No modifications
[06/06/2021 00:18:26:590 PDT] 001 CompositeRepeatTestActionState evaluate                       I 
[06/06/2021 00:18:26:590 PDT] 001 CompositeRepeatTestActionState evaluate                       I ===================================
Trying user.dir: C:\Users\Administrator\libertyGit\open-liberty\dev\com.ibm.ws.wssecurity_fat.wsscxf.1\build\libs\autoFVT\bootstrapping.properties
[06/06/2021 00:18:26:605 PDT] 001 LibertyServerFactory           getLibertyServer               I server=com.ibm.ws.wssecurity_fat.x509async   testClassName=com.ibm.ws.wssecurity.fat.cxf.x509token.CxfX509ASyncTests
[06/06/2021 00:18:26:621 PDT] 001 JavaInfo                       <init>                         I major=8  minor=0 service release=6 fixpack=30  vendor=IBM  javaHome=C:\java8_8.0.6.30\ibm-java-sdk-80-win-x86_64\sdk\jre
[06/06/2021 00:18:26:652 PDT] 001 LibertyServer                  setup                          I Successfully obtained machine. Operating System is: WINDOWS
[06/06/2021 00:18:26:652 PDT] 001 LibertyServer                  setup                          I Jar Home now set to: C:/java8_8.0.6.30/ibm-java-sdk-80-win-x86_64/sdk/jre/../bin/jar.exe
[06/06/2021 00:18:29:188 PDT] 001 FATRunner                      injectLibertyServers           I Injected LibertyServer com.ibm.ws.wssecurity_fat.x509async to class com.ibm.ws.wssecurity.fat.cxf.x509token.CxfX509ASyncTests
[06/06/2021 00:18:31:125 PDT] 001 LibertyFileManager             copyFileIntoLiberty            I Copying: C:/Users/Administrator/libertyGit/open-liberty/dev/com.ibm.ws.wssecurity_fat.wsscxf.1/build/libs/autoFVT/lib/LibertyFATTestFiles/bundles/com.ibm.ws.wssecurity.example.cbh.jar to C:/Users/Administrator/libertyGit/open-liberty/dev/build.image/wlp/usr/extension/lib//com.ibm.ws.wssecurity.example.cbh.jar
[06/06/2021 00:18:31:141 PDT] 001 LibertyFileManager             copyFileIntoLiberty            I Copying: C:/Users/Administrator/libertyGit/open-liberty/dev/com.ibm.ws.wssecurity_fat.wsscxf.1/build/libs/autoFVT/lib/LibertyFATTestFiles/features/wsseccbh-1.0.mf to C:/Users/Administrator/libertyGit/open-liberty/dev/build.image/wlp/usr/extension/lib/features//wsseccbh-1.0.mf
[06/06/2021 00:18:31:756 PDT] 001 ShrinkHelper                   exportArtifact                 I Exporting shrinkwrap artifact: x509aSyncclient.war: 10 assets to publish/servers/com.ibm.ws.wssecurity_fat.x509async/dropins
[06/06/2021 00:18:31:788 PDT] 001 ShrinkHelper                   exportArtifact                 I x509aSyncclient.war:
/WEB-INF/
/WEB-INF/classes/
/WEB-INF/classes/com/
/WEB-INF/classes/com/ibm/
/WEB-INF/classes/com/ibm/ws/
/WEB-INF/classes/com/ibm/ws/wssecurity/
/WEB-INF/classes/com/ibm/ws/wssecurity/fat/
/WEB-INF/classes/com/ibm/ws/wssecurity/fat/x509Asyncclient/
/WEB-INF/classes/com/ibm/ws/wssecurity/fat/x509Asyncclient/CxfX509AsyncSvcClient.class
/WEB-INF/classes/com/ibm/ws/wssecurity/fat/x509Asyncclient/TestAsyncHandler.class
/WEB-INF/classes/test/
/WEB-INF/classes/test/wssecfvt/
/WEB-INF/classes/test/wssecfvt/x509async/
/WEB-INF/classes/test/wssecfvt/x509async/UrnX509AsyncType.class
/WEB-INF/classes/test/wssecfvt/x509async/X509AsyncService.class
/WEB-INF/classes/test/wssecfvt/x509async/types/
/WEB-INF/classes/test/wssecfvt/x509async/types/ObjectFactory.class
/WEB-INF/classes/test/wssecfvt/x509async/types/RequestString.class
/WEB-INF/classes/test/wssecfvt/x509async/types/ResponseString.class
/WEB-INF/classes/test/wssecfvt/x509async/types/package-info.class
/WEB-INF/web.xml
/META-INF/
/META-INF/permissions.xml
[06/06/2021 00:18:31:788 PDT] 001 LibertyFileManager             copyFileIntoLiberty            I Copying: C:/Users/Administrator/libertyGit/open-liberty/dev/com.ibm.ws.wssecurity_fat.wsscxf.1/build/libs/autoFVT/publish/servers/com.ibm.ws.wssecurity_fat.x509async/dropins/x509aSyncclient.war to C:/Users/Administrator/libertyGit/open-liberty/dev/build.image/wlp/usr/servers/com.ibm.ws.wssecurity_fat.x509async/dropins/x509aSyncclient.war via C:/Users/Administrator/libertyGit/open-liberty/dev/build.image/wlp/usr/servers/com.ibm.ws.wssecurity_fat.x509async/x509aSyncclient.war.1622963911788
[06/06/2021 00:18:31:788 PDT] 001 LibertyServer                  addInstalledAppForValidation   I Adding installed app: x509aSyncclient for validation
[06/06/2021 00:18:31:803 PDT] 001 ShrinkHelper                   exportArtifact                 I Exporting shrinkwrap artifact: x509aSync.war: 9 assets to publish/servers/com.ibm.ws.wssecurity_fat.x509async/dropins
[06/06/2021 00:18:31:821 PDT] 001 ShrinkHelper                   exportArtifact                 I x509aSync.war:
/WEB-INF/
/WEB-INF/classes/
/WEB-INF/classes/com/
/WEB-INF/classes/com/ibm/
/WEB-INF/classes/com/ibm/ws/
/WEB-INF/classes/com/ibm/ws/wssecurity/
/WEB-INF/classes/com/ibm/ws/wssecurity/fat/
/WEB-INF/classes/com/ibm/ws/wssecurity/fat/x509async/
/WEB-INF/classes/com/ibm/ws/wssecurity/fat/x509async/X509AsyncWebSvc.class
/WEB-INF/classes/test/
/WEB-INF/classes/test/wssecfvt/
/WEB-INF/classes/test/wssecfvt/x509async/
/WEB-INF/classes/test/wssecfvt/x509async/UrnX509AsyncType.class
/WEB-INF/classes/test/wssecfvt/x509async/X509AsyncService.class
/WEB-INF/classes/test/wssecfvt/x509async/types/
/WEB-INF/classes/test/wssecfvt/x509async/types/ObjectFactory.class
/WEB-INF/classes/test/wssecfvt/x509async/types/RequestString.class
/WEB-INF/classes/test/wssecfvt/x509async/types/ResponseString.class
/WEB-INF/classes/test/wssecfvt/x509async/types/package-info.class
/WEB-INF/web.xml
/WEB-INF/X509Async.wsdl
[06/06/2021 00:18:31:823 PDT] 001 LibertyFileManager             copyFileIntoLiberty            I Copying: C:/Users/Administrator/libertyGit/open-liberty/dev/com.ibm.ws.wssecurity_fat.wsscxf.1/build/libs/autoFVT/publish/servers/com.ibm.ws.wssecurity_fat.x509async/dropins/x509aSync.war to C:/Users/Administrator/libertyGit/open-liberty/dev/build.image/wlp/usr/servers/com.ibm.ws.wssecurity_fat.x509async/dropins/x509aSync.war via C:/Users/Administrator/libertyGit/open-liberty/dev/build.image/wlp/usr/servers/com.ibm.ws.wssecurity_fat.x509async/x509aSync.war.1622963911823
[06/06/2021 00:18:31:825 PDT] 001 LibertyServer                  addInstalledAppForValidation   I Adding installed app: x509aSync for validation
[06/06/2021 00:18:31:825 PDT] 001 CommonTests                    commonSetUp                    I *****************************commonSetUp
[06/06/2021 00:18:31:825 PDT] 001 CommonTests                    setupSSLCLient                 I *****************************setupSSLCLient
[06/06/2021 00:18:31:825 PDT] 001 CommonTests                    setupSSLCLient                 I Inside setupSSLClient but not calling enableSSLv3()
[06/06/2021 00:18:31:825 PDT] 001 CommonTests                    setupSSLCLient                 I Setting up global trust
[06/06/2021 00:18:31:825 PDT] 001 CommonTests                    setupSSLCLient                 I before SSLContext TLS
[06/06/2021 00:18:32:172 PDT] 001 CommonTests                    setupSSLCLient                 I Setting trustStore to ./securitykeys/sslClientDefault.jks
[06/06/2021 00:18:32:172 PDT] 001 CommonTests                    setupSSLCLient                 I javax.net.debug is set to: ssl
[06/06/2021 00:18:32:172 PDT] 001 CommonTests                    setupSSLCLient                 I end of setupSSLClient()
[06/06/2021 00:18:32:172 PDT] 001 CommonTests                    commonSetUp                    I setting lastServer and origServer
[06/06/2021 00:18:32:172 PDT] 001 CommonTests                    commonSetUp                    I Starting server: com.ibm.ws.wssecurity_fat.x509async
[06/06/2021 00:18:32:172 PDT] 001 LibertyServer                  startServerWithArgs            I >>> STARTING SERVER: com.ibm.ws.wssecurity_fat.x509async
[06/06/2021 00:18:32:172 PDT] 001 LibertyServer                  startServerWithArgs            I Starting com.ibm.ws.wssecurity_fat.x509async; preClean=true, clean=true, validateApps=true, expectStartFailure=false, cmd=start, args=null
[06/06/2021 00:18:32:172 PDT] 001 LibertyServer                  startServerWithArgs            I Tidying logs
[06/06/2021 00:18:32:188 PDT] 001 LibertyServer                  calculateDebugInfo             I debugging allowed for server = com.ibm.ws.wssecurity_fat.x509async, but didn't find valid port, so debug not enabled
[06/06/2021 00:18:32:203 PDT] 001 LibertyServer                  startServerWithArgs            I Using additional env props: {LOG_FILE=CxfX509ASyncTests.log, JVM_ARGS= -Djava.io.tmpdir=C:\Users\Administrator\libertyGit\open-liberty\dev\com.ibm.ws.wssecurity_fat.wsscxf.1\build\libs\autoFVT\build\tmp -Djava.security.egd=file:///dev/urandom -Xdump:system+java+snap:events=throw+systhrow,filter="java/lang/ClassCastException#ServiceFactoryUse.<init>*" -Xdump:system+java+snap:events=throw+systhrow,filter="java/lang/ClassCastException#org/eclipse/osgi/internal/serviceregistry/ServiceFactoryUse.<init>*", LOG_DIR=C:/Users/Administrator/libertyGit/open-liberty/dev/build.image/wlp/usr/servers/com.ibm.ws.wssecurity_fat.x509async/logs/, JAVA_HOME=C:/java8_8.0.6.30/ibm-java-sdk-80-win-x86_64/sdk/jre}
[06/06/2021 00:19:03:160 PDT] 001 LibertyServer                  validateServerStarted          I Waiting up to 15 seconds for server confirmation:  CWWKF0011I to be found in C:/Users/Administrator/libertyGit/open-liberty/dev/build.image/wlp/usr/servers/com.ibm.ws.wssecurity_fat.x509async/logs/CxfX509ASyncTests.log
[06/06/2021 00:19:03:160 PDT] 001 LogMonitor                     getMarkOffset                  I Mark offset for C:/Users/Administrator/libertyGit/open-liberty/dev/build.image/wlp/usr/servers/com.ibm.ws.wssecurity_fat.x509async/logs/CxfX509ASyncTests.log=0 for C:/Users/Administrator/libertyGit/open-liberty/dev/build.image/wlp/usr/servers/com.ibm.ws.wssecurity_fat.x509async/logs/CxfX509ASyncTests.log
[06/06/2021 00:19:03:229 PDT] 001 LibertyServer                  validateAppsLoaded             I Started searching for app manager messages at 12:19:03 AM PDT and finished at 12:19:03 AM PDT
[06/06/2021 00:19:03:928 PDT] 001 FeatureDependencyProcessor     validateTestedFeatures         I Validated that all installed features were present in test dependencies JSON file.
[06/06/2021 00:19:03:930 PDT] 001 LogMonitor                     getMarkOffset                  I Mark offset for C:/Users/Administrator/libertyGit/open-liberty/dev/build.image/wlp/usr/servers/com.ibm.ws.wssecurity_fat.x509async/logs/messages.log=0 for C:/Users/Administrator/libertyGit/open-liberty/dev/build.image/wlp/usr/servers/com.ibm.ws.wssecurity_fat.x509async/logs/messages.log
[06/06/2021 00:19:03:945 PDT] 001 CommonTests                    commonSetUp                    I ****clientHttpUrl is:http://localhost:8010/x509aSyncclient/CxfX509AsyncSvcClient
[06/06/2021 00:19:03:945 PDT] 001 CommonTests                    commonSetUp                    I ****portNumber is:8010
[06/06/2021 00:19:03:946 PDT] 001 LogMonitor                     getMarkOffset                  I Mark offset for C:/Users/Administrator/libertyGit/open-liberty/dev/build.image/wlp/usr/servers/com.ibm.ws.wssecurity_fat.x509async/logs/messages.log=0 for C:/Users/Administrator/libertyGit/open-liberty/dev/build.image/wlp/usr/servers/com.ibm.ws.wssecurity_fat.x509async/logs/messages.log
[06/06/2021 00:19:03:958 PDT] 001 CxfX509ASyncTests              setup                          I CBHVersion in setup: EE7
Start printing CommonTests providers
IBMJSSE2 version 1.8
IBMJCE version 1.8
IBMJCEPlus version 1.8
IBMJGSSProvider version 8.0
IBMCertPath version 8.0
IBMSASL version 1.8
IBMXMLCRYPTO version 8.0
IBMXMLEnc version 8.0
IBMSPNEGO version 8.0
SUN version 1.8
Finished printing CommonTests  providers
Start Updating Order
IBM Cert is already before SUN - no update needed
[06/06/2021 00:19:03:985 PDT] 001 FATRunner                      evaluate                       I entering com.ibm.ws.wssecurity.fat.cxf.x509token.CxfX509ASyncTests.testCxfAsyncInvokeNonBlocking
----- Start:  testCxfAsyncInvokeNonBlocking   ----------------------------------------------------
[06/06/2021 00:19:03:987 PDT] 001 CommonTests                    testCxfAsyncInvokeNonBlocking  I *****************************Starting TEST: testCxfAsyncInvokeNonBlocking
[06/06/2021 00:19:03:987 PDT] 001 CommonTests                    testCxfAsyncInvokeNonBlocking  I *****************************testCxfAsyncInvokeNonBlocking
[06/06/2021 00:19:03:988 PDT] 001 CommonTests                    testCxfAsyncInvokeNonBlocking  I In CommontTests.genericAsyncTestSub: generic CXF client code
[06/06/2021 00:19:04:011 PDT] 001 CommonTests                    testCxfAsyncInvokeNonBlocking  I Invoke service client: http://localhost:8010/x509aSyncclient/CxfX509AsyncSvcClient
[06/06/2021 00:19:04:012 PDT] 001 CommonTests                    testCxfAsyncInvokeNonBlocking  I CBHVersion is: null
[06/06/2021 00:19:04:027 PDT] 001 CommonTests                    testCxfAsyncInvokeNonBlocking  I CallBackhandlerVersion is: null
[06/06/2021 00:19:04:029 PDT] 001 CommonTests                    testCxfAsyncInvokeNonBlocking  I request is: GET request for (null) http://localhost:8010/x509aSyncclient/CxfX509AsyncSvcClient?id=user1&msg=&serviceName=X509AsyncService&testName=testCxfAsyncInvokeNonBlocking&servicePort=X509AsyncPort&httpSecureDefaultPort=&clientWsdl=&pw=security&httpDefaultPort=8010
[06/06/2021 00:19:04:029 PDT] 001 CommonTests                    testCxfAsyncInvokeNonBlocking  I Invoke the client - before wc.getResponse
Sending:: User-Agent: httpunit/1.5
Sending:: Accept-Encoding: gzip
Header:: HTTP/1.1 200 OK
Header:: X-Powered-By: Servlet/3.1
Header:: Content-Language: en-US
Header:: Transfer-Encoding: chunked
Header:: Date: Sun, 06 Jun 2021 07:19:07 GMT
[06/06/2021 00:19:07:050 PDT] 001 CommonTests                    testCxfAsyncInvokeNonBlocking  I After wc.getResponse
[06/06/2021 00:19:07:050 PDT] 001 CommonTests                    testCxfAsyncInvokeNonBlocking  I Read the response - before response.getText() 
[06/06/2021 00:19:07:050 PDT] 001 CommonTests                    testCxfAsyncInvokeNonBlocking  I Response from CXF x509 Sig Service client: <html><head><title>CXF x509 Async Service Cleint</title></head><body><p>Request: CXF x509 Async Service Client</p><p>Response: null</p></body></html>
[06/06/2021 00:19:07:050 PDT] 001 CommonTests                    testCxfAsyncInvokeNonBlocking  I testCxfAsyncInvokeNonBlocking: PASS
[06/06/2021 00:19:07:050 PDT] 001 CommonTests                    restoreServer                  I lastServer: C:\Users\Administrator\libertyGit\open-liberty\dev\com.ibm.ws.wssecurity_fat.wsscxf.1\build\libs\autoFVT\publish/servers/com.ibm.ws.wssecurity_fat.x509async/server.xml
[06/06/2021 00:19:07:050 PDT] 001 CommonTests                    restoreServer                  I origServer: C:\Users\Administrator\libertyGit\open-liberty\dev\com.ibm.ws.wssecurity_fat.wsscxf.1\build\libs\autoFVT\publish/servers/com.ibm.ws.wssecurity_fat.x509async/server.xml
[06/06/2021 00:19:07:050 PDT] 001 CommonTests                    reconfigServer                 I ************** Starting server.xml update for: restoreServer
[06/06/2021 00:19:07:050 PDT] 001 LibertyServer                  setMarkToEndOfLog              I Setting mark to the end of logs (if null, messages.log): [Lcom.ibm.websphere.simplicity.RemoteFile;@1e9fc133
[06/06/2021 00:19:07:050 PDT] 001 LogMonitor                     setMarkToEndOfLog              I C:/Users/Administrator/libertyGit/open-liberty/dev/build.image/wlp/usr/servers/com.ibm.ws.wssecurity_fat.x509async/logs/messages.log, old mark offset=0, new mark offset=52510 for C:/Users/Administrator/libertyGit/open-liberty/dev/build.image/wlp/usr/servers/com.ibm.ws.wssecurity_fat.x509async/logs/messages.log
[06/06/2021 00:19:07:050 PDT] 001 CommonTests                    reconfigServer                 I The SAME SERVER CONFIG file is being used - skipping reconfig
[06/06/2021 00:19:07:050 PDT] 001 CommonTests                    testCxfAsyncInvokeNonBlocking  I *****************************Ending TEST 
----- End:  org.junit.rules.TestName@573d782d   ----------------------------------------------------
[06/06/2021 00:19:07:066 PDT] 001 FATRunner                      evaluate                       I exiting com.ibm.ws.wssecurity.fat.cxf.x509token.CxfX509ASyncTests.testCxfAsyncInvokeNonBlocking
[06/06/2021 00:19:07:066 PDT] 001 CommonTests                    tearDown                       I *****************************tearDown
[06/06/2021 00:19:07:066 PDT] 001 CommonTests                    tearDown                       I Time to stop the server
[06/06/2021 00:19:07:066 PDT] 001 CommonTests                    getIgnoredServerExceptions     I null
[06/06/2021 00:19:07:066 PDT] 001 CommonTests                    tearDown                       I calling stop with no expected exceptions
[06/06/2021 00:19:07:066 PDT] 001 LibertyServer                  stopServer                     I <<< STOPPING SERVER: com.ibm.ws.wssecurity_fat.x509async
[06/06/2021 00:19:10:947 PDT] 001 LibertyServer                  stopServer                     I Stop Server Response: Stopping server com.ibm.ws.wssecurity_fat.x509async.
Server com.ibm.ws.wssecurity_fat.x509async stopped.

[06/06/2021 00:19:10:947 PDT] 001 LogMonitor                     getMarkOffset                  I Mark offset for C:/Users/Administrator/libertyGit/open-liberty/dev/build.image/wlp/usr/servers/com.ibm.ws.wssecurity_fat.x509async/logs/CxfX509ASyncTests.log=0 for C:/Users/Administrator/libertyGit/open-liberty/dev/build.image/wlp/usr/servers/com.ibm.ws.wssecurity_fat.x509async/logs/CxfX509ASyncTests.log
[06/06/2021 00:19:10:962 PDT] 001 LibertyServer                  executeServerScript            I Running server script with command=status
[06/06/2021 00:19:12:219 PDT] 001 LibertyServer                  stopServer                     I Server com.ibm.ws.wssecurity_fat.x509async stopped successfully
[06/06/2021 00:19:12:251 PDT] 001 LibertyServer                  checkLogsForErrorsAndWarnings  I Error/warning found in log ORIGINALLY: [6/6/21 0:18:55:539 PDT] 00000043 com.ibm.ws.config.admin.internal.ConfigurationAdminImpl      W CWWKG0101W: The configuration with the persisted identity (PID) com.ibm.ws.wssecurity.sig.config_60 is bound to the bundle com.ibm.ws.wssecurity. The configuration is not visible to other bundles.  
[06/06/2021 00:19:12:251 PDT] 001 LibertyServer                  checkLogsForErrorsAndWarnings  I Error/warning found in log ORIGINALLY: [6/6/21 0:18:55:623 PDT] 00000043 com.ibm.ws.config.admin.internal.ConfigurationAdminImpl      W CWWKG0101W: The configuration with the persisted identity (PID) com.ibm.ws.wssecurity.sig.config_70 is bound to the bundle com.ibm.ws.wssecurity. The configuration is not visible to other bundles.  
[06/06/2021 00:19:12:251 PDT] 001 LibertyServer                  checkLogsForErrorsAndWarnings  I Error/warning found: [6/6/21 0:18:55:539 PDT] 00000043 com.ibm.ws.config.admin.internal.ConfigurationAdminImpl      W CWWKG0101W: The configuration with the persisted identity (PID) com.ibm.ws.wssecurity.sig.config_60 is bound to the bundle com.ibm.ws.wssecurity. The configuration is not visible to other bundles.  
[06/06/2021 00:19:12:251 PDT] 001 LibertyServer                  checkLogsForErrorsAndWarnings  I Error/warning found: [6/6/21 0:18:55:623 PDT] 00000043 com.ibm.ws.config.admin.internal.ConfigurationAdminImpl      W CWWKG0101W: The configuration with the persisted identity (PID) com.ibm.ws.wssecurity.sig.config_70 is bound to the bundle com.ibm.ws.wssecurity. The configuration is not visible to other bundles.  
[06/06/2021 00:19:12:335 PDT] 001 CommonTests                    tearDown                       I Server stop threw an exception - start
java.lang.Exception: Errors/warnings were found in server com.ibm.ws.wssecurity_fat.x509async logs:
 <br>[6/6/21 0:18:55:539 PDT] 00000043 com.ibm.ws.config.admin.internal.ConfigurationAdminImpl      W CWWKG0101W: The configuration with the persisted identity (PID) com.ibm.ws.wssecurity.sig.config_60 is bound to the bundle com.ibm.ws.wssecurity. The configuration is not visible to other bundles.  
 <br>[6/6/21 0:18:55:623 PDT] 00000043 com.ibm.ws.config.admin.internal.ConfigurationAdminImpl      W CWWKG0101W: The configuration with the persisted identity (PID) com.ibm.ws.wssecurity.sig.config_70 is bound to the bundle com.ibm.ws.wssecurity. The configuration is not visible to other bundles.  
	at componenttest.topology.impl.LibertyServer.checkLogsForErrorsAndWarnings(LibertyServer.java:2603)
	at componenttest.topology.impl.LibertyServer.stopServer(LibertyServer.java:2462)
	at componenttest.topology.impl.LibertyServer.stopServer(LibertyServer.java:2277)
	at componenttest.topology.impl.LibertyServer.stopServer(LibertyServer.java:2252)
	at com.ibm.ws.wssecurity.fat.utils.common.CommonTests.tearDown(CommonTests.java:809)
	at sun.reflect.NativeMethodAccessorImpl.invoke0(Native Method)
	at sun.reflect.NativeMethodAccessorImpl.invoke(NativeMethodAccessorImpl.java:90)
	at sun.reflect.DelegatingMethodAccessorImpl.invoke(DelegatingMethodAccessorImpl.java:55)
	at java.lang.reflect.Method.invoke(Method.java:508)
	at org.junit.runners.model.FrameworkMethod$1.runReflectiveCall(FrameworkMethod.java:45)
	at org.junit.internal.runners.model.ReflectiveCallable.run(ReflectiveCallable.java:15)
	at org.junit.runners.model.FrameworkMethod.invokeExplosively(FrameworkMethod.java:42)
	at org.junit.internal.runners.statements.RunAfters.evaluate(RunAfters.java:36)
	at componenttest.custom.junit.runner.FATRunner$2.evaluate(FATRunner.java:318)
	at org.junit.runners.ParentRunner.run(ParentRunner.java:300)
	at componenttest.custom.junit.runner.FATRunner.run(FATRunner.java:171)
	at org.junit.runners.Suite.runChild(Suite.java:128)
	at org.junit.runners.Suite.runChild(Suite.java:24)
	at org.junit.runners.ParentRunner$3.run(ParentRunner.java:231)
	at org.junit.runners.ParentRunner$1.schedule(ParentRunner.java:60)
	at org.junit.runners.ParentRunner.runChildren(ParentRunner.java:229)
	at org.junit.runners.ParentRunner.access$000(ParentRunner.java:50)
	at org.junit.runners.ParentRunner$2.evaluate(ParentRunner.java:222)
	at componenttest.rules.repeater.RepeatTests$CompositeRepeatTestActionStatement.evaluate(RepeatTests.java:115)
	at org.junit.rules.RunRules.evaluate(RunRules.java:18)
	at org.junit.runners.ParentRunner.run(ParentRunner.java:300)
	at junit.framework.JUnit4TestAdapter.run(JUnit4TestAdapter.java:39)
	at org.apache.tools.ant.taskdefs.optional.junit.JUnitTestRunner.run(JUnitTestRunner.java:520)
	at org.apache.tools.ant.taskdefs.optional.junit.JUnitTestRunner.launch(JUnitTestRunner.java:1060)
	at org.apache.tools.ant.taskdefs.optional.junit.JUnitTestRunner.main(JUnitTestRunner.java:911)
[06/06/2021 00:19:12:351 PDT] 001 CommonTests                    tearDown                       I Server stop threw an exception - end
[06/06/2021 00:19:12:351 PDT] 001 CommonTests                    tearDown                       I Trying to unintall the callback handler
[06/06/2021 00:19:12:351 PDT] 001 SharedTools                    uninstallCallbackHandler       I Looking for file: .\publish\bundles\com.ibm.ws.wssecurity.example.cbh_1.0.0.jar
[06/06/2021 00:19:12:351 PDT] 001 LibertyServerFactory           tidyAllKnownServers            I Now post-test-tidying all servers known to test: com.ibm.ws.wssecurity.fat.cxf.x509token.CxfX509ASyncTests
[06/06/2021 00:19:12:351 PDT] 001 LibertyServerFactory           tidyAllKnownServers            I Tidying server: com.ibm.ws.wssecurity_fat.x509async hash:-1295029071
[06/06/2021 00:19:13:424 PDT] 001 LogPolice                      checkUsedTrace                 I So far this FAT has used 2MB of trace.
[06/06/2021 00:19:13:424 PDT] 001 CompositeRepeatTestActionState evaluate                       I ===================================
[06/06/2021 00:19:13:424 PDT] 001 CompositeRepeatTestActionState evaluate                       I 
[06/06/2021 00:19:13:424 PDT] 001 CompositeRepeatTestActionState evaluate                       I Running tests with action: Set all features to EE8 compatibility
[06/06/2021 00:19:13:424 PDT] 001 CompositeRepeatTestActionState evaluate                       I 
[06/06/2021 00:19:13:424 PDT] 001 CompositeRepeatTestActionState evaluate                       I ===================================
[06/06/2021 00:19:13:424 PDT] 001 FeatureReplacementAction       setup                          I Checking the following servers for server configuration files: [ALL_SERVERS]
[06/06/2021 00:19:13:439 PDT] 001 FeatureReplacementAction       setup                          I Replacing features in files: [publish\servers\com.ibm.ws.wssecurity_fat.x509sig\server_enc_wss4j.xml, publish\servers\com.ibm.ws.wssecurity_fat.x509migsym\server.xml, publish\servers\com.ibm.ws.wssecurity_fat.endsuptokens\server_asym_wss4j.xml, publish\servers\com.ibm.ws.wssecurity_fat.endsuptokens\server_wss4j.xml, publish\servers\com.ibm.ws.wssecurity_fat.x509sig\server_badenc_wss4j.xml, publish\servers\com.ibm.ws.wssecurity_fat.x509sig\server_wss4j.xml, publish\servers\com.ibm.ws.wssecurity_fat.x509crl\server_certp.xml, publish\servers\com.ibm.ws.wssecurity_fat.x509sig\server_badclpwd.xml, publish\servers\com.ibm.ws.wssecurity_fat.sha2sig\server_sha384.xml, publish\servers\com.ibm.ws.wssecurity_fat.wss11enc\server_wss4j.xml, publish\servers\com.ibm.ws.wssecurity_fat.wss11enc\server_orig.xml, publish\servers\com.ibm.ws.wssecurity_fat.sha2sig\server_sha384_wss4j.xml, publish\servers\com.ibm.ws.wssecurity_fat.x509enc\server_orig_wss4j.xml, publish\servers\com.ibm.ws.wssecurity_fat.sha2sig\server.xml, publish\servers\com.ibm.ws.wssecurity_fat.sha2sig\server_sha1.xml, publish\servers\com.ibm.ws.wssecurity_fat.x509async\server_wss4j.xml, publish\servers\com.ibm.ws.wssecurity_fat.x509migsym\server_badsha2_wss4j.xml, publish\servers\com.ibm.ws.wssecurity_fat.x509_1\server.xml, publish\servers\com.ibm.ws.wssecurity_fat.wss11enc\server.xml, publish\servers\com.ibm.ws.wssecurity_fat.x509async\server.xml, publish\servers\com.ibm.ws.wssecurity_fat.x509enc\server.xml, publish\servers\com.ibm.ws.wssecurity_fat.x509sig\server_certpath.xml, publish\servers\com.ibm.ws.wssecurity_fat.sha2sig\server_sha2.xml, publish\servers\com.ibm.ws.wssecurity_fat.x509mig\server_wss4j.xml, publish\servers\com.ibm.ws.wssecurity_fat.x509sig\server_badsvrpwd.xml, publish\servers\com.ibm.ws.wssecurity_fat.sha2sig\server_sha1_wss4j.xml, publish\servers\com.ibm.ws.wssecurity_fat.sha2sig\server_sha512.xml, publish\servers\com.ibm.ws.wssecurity_fat.x509crl\server_certn_wss4j.xml, publish\servers\com.ibm.ws.wssecurity_fat.x509sig\server_badclpwd_wss4j.xml, publish\servers\com.ibm.ws.wssecurity_fat.wss11sig\server_wss4j.xml, publish\servers\com.ibm.ws.wssecurity_fat.x509sig\server.xml, publish\servers\com.ibm.ws.wssecurity_fat.sha2sig\server_orig_wss4j.xml, publish\servers\com.ibm.ws.wssecurity_fat.x509crl\server.xml, publish\servers\com.ibm.ws.wssecurity_fat.x509async\server_orig.xml, publish\servers\com.ibm.ws.wssecurity_fat.sha2sig\server_sha3sym.xml, publish\servers\com.ibm.ws.wssecurity_fat.sha2sig\server_sha5sym.xml, publish\servers\com.ibm.ws.wssecurity_fat.endsuptokens\server_sym2_wss4j.xml, publish\servers\com.ibm.ws.wssecurity_fat.endsuptokens\server_sym.xml, publish\servers\com.ibm.ws.wssecurity_fat.x509migsym\server_sha512.xml, publish\servers\com.ibm.ws.wssecurity_fat.sha2sig\server_sha512_wss4j.xml, publish\servers\com.ibm.ws.wssecurity_fat.endsuptokens\server.xml, publish\servers\com.ibm.ws.wssecurity_fat.x509sig\server_certpath_wss4j.xml, publish\servers\com.ibm.ws.wssecurity_fat.x509sig\server_badenc.xml, publish\servers\com.ibm.ws.wssecurity_fat.x509mig\server.xml, publish\servers\com.ibm.ws.wssecurity_fat.x509_1\server_wss4j.xml, publish\servers\com.ibm.ws.wssecurity_fat.x509migsym\server_badsha2.xml, publish\servers\com.ibm.ws.wssecurity_fat.sha2sig\server_sha5sym_wss4j.xml, publish\servers\com.ibm.ws.wssecurity_fat.x509_2\server_wss4j.xml, publish\servers\com.ibm.ws.wssecurity_fat.sha2sig\server_sha2_wss4j.xml, publish\servers\com.ibm.ws.wssecurity_fat.x509async\server_orig_wss4j.xml, publish\servers\com.ibm.ws.wssecurity_fat.sha2sig\server_sha3sym_wss4j.xml, publish\servers\com.ibm.ws.wssecurity_fat.x509sig\server_badsvrpwd_wss4j.xml, publish\servers\com.ibm.ws.wssecurity_fat.wss11enc\server_enchdr.xml, publish\servers\com.ibm.ws.wssecurity_fat.sha2sig\server_wss4j.xml, publish\servers\com.ibm.ws.wssecurity_fat.sha2sig\server_2048_wss4j.xml, publish\servers\com.ibm.ws.wssecurity_fat.endsuptokens\server_sym_wss4j.xml, publish\servers\com.ibm.ws.wssecurity_fat.x509sig\server_orig_wss4j.xml, publish\servers\com.ibm.ws.wssecurity_fat.x509crl\server_wss4j.xml, publish\servers\com.ibm.ws.wssecurity_fat.sha2sig\server_orig.xml, publish\servers\com.ibm.ws.wssecurity_fat.sha2sig\server_2048.xml, publish\servers\com.ibm.ws.wssecurity_fat.x509sig\server_orig.xml, publish\servers\com.ibm.ws.wssecurity_fat.wss11sig\server_orig_wss4j.xml, publish\servers\com.ibm.ws.wssecurity_fat.endsuptokens\server_sym2.xml, publish\servers\com.ibm.ws.wssecurity_fat.x509sig\server_expcert.xml, publish\servers\com.ibm.ws.wssecurity_fat.wss11sig\server_enchdr.xml, publish\servers\com.ibm.ws.wssecurity_fat.x509_2\server.xml, publish\servers\com.ibm.ws.wssecurity_fat.wss11enc\server_enchdr_wss4j.xml, publish\servers\com.ibm.ws.wssecurity_fat.x509migsym\server_sha512_wss4j.xml, publish\servers\com.ibm.ws.wssecurity_fat.x509enc\server_wrongEnc_wss4j.xml, publish\servers\com.ibm.ws.wssecurity_fat.x509enc\server_wss4j.xml, publish\servers\com.ibm.ws.wssecurity_fat.endsuptokens\server_asym.xml, publish\servers\com.ibm.ws.wssecurity_fat.x509sig\server_enc.xml, publish\servers\com.ibm.ws.wssecurity_fat.x509enc\server_wrongEnc.xml, publish\servers\com.ibm.ws.wssecurity_fat.x509\server.xml, publish\servers\com.ibm.ws.wssecurity_fat.x509migsym\server_wss4j.xml, publish\servers\com.ibm.ws.wssecurity_fat.x509enc\server_orig.xml, publish\servers\com.ibm.ws.wssecurity_fat.x509crl\server_certp_wss4j.xml, publish\servers\com.ibm.ws.wssecurity_fat.wss11sig\server.xml, publish\servers\com.ibm.ws.wssecurity_fat.x509crl\server_certn.xml, publish\servers\com.ibm.ws.wssecurity_fat.wss11enc\server_orig_wss4j.xml, publish\servers\com.ibm.ws.wssecurity_fat.x509\server_wss4j.xml, publish\servers\com.ibm.ws.wssecurity_fat.wss11sig\server_orig.xml, publish\servers\com.ibm.ws.wssecurity_fat.x509sig\server_expcert_wss4j.xml, publish\servers\com.ibm.ws.wssecurity_fat.wss11sig\server_enchdr_wss4j.xml]  and  []
[06/06/2021 00:19:13:471 PDT] 001 FeatureReplacementAction       setup                          I Original features:  [appsecurity-2.0, jsp-2.2, servlet-3.1, ssl-1.0, usr:wsseccbh-1.0, jaxws-2.2, wssecurity-1.1]
[06/06/2021 00:19:13:471 PDT] 001 FeatureReplacementAction       getReplacementFeature          I Replace feature [ servlet-3.1 ] with [ servlet-4.0 ]
[06/06/2021 00:19:13:471 PDT] 001 FeatureReplacementAction       getReplacementFeature          I Replace feature [ appsecurity-2.0 ] with [ appSecurity-3.0 ]
[06/06/2021 00:19:13:471 PDT] 001 FeatureReplacementAction       getReplacementFeature          I Replace feature [ jaxws-2.2 ] with [ jaxws-2.3 ]
[06/06/2021 00:19:13:471 PDT] 001 FeatureReplacementAction       getReplacementFeature          I Replace feature [ jsp-2.2 ] with [ jsp-2.3 ]
[06/06/2021 00:19:13:471 PDT] 001 FeatureReplacementAction       getReplacementFeature          I Replace feature [ usr:wsseccbh-1.0 ] with [ usr:wsseccbh-2.0 ]
[06/06/2021 00:19:13:471 PDT] 001 FeatureReplacementAction       setup                          I Resulting features: [jsp-2.3, servlet-4.0, usr:wsseccbh-2.0, ssl-1.0, jaxws-2.3, appSecurity-3.0, wssecurity-1.1]
[06/06/2021 00:19:13:486 PDT] 001 FeatureReplacementAction       setup                          I Config: ServerConfiguration
FeatureManager{feature="jsp-2.3" feature="servlet-4.0" feature="usr:wsseccbh-2.0" feature="ssl-1.0" feature="jaxws-2.3" feature="appSecurity-3.0" feature="wssecurity-1.1" }[BasicRegistry{realm="customRealm" User{name="user1" password="security" },User{name="user2" password="security" },User{name="test1" password="test1" },User{name="test2" password="test2" },User{name="user1pw" password="pw8server" },}][IncludeElement{location="../fatTestPorts.xml" }][JavaPermission{actions="read" className="java.io.FilePermission" name="ALL FILES" }, JavaPermission{className="java.lang.RuntimePermission" name="accessClassInPackage.com.sun.xml.internal.messaging.saaj.soap" }, JavaPermission{className="java.lang.RuntimePermission" name="accessClassInPackage.com.sun.xml.internal.messaging.saaj.soap.ver1_1" }, JavaPermission{className="java.lang.RuntimePermission" name="accessClassInPackage.com.sun.xml.internal.messaging.saaj.util" }, JavaPermission{className="java.lang.RuntimePermission" name="accessClassInPackage.com.sun.xml.internal.messaging.saaj.soap.name" }, JavaPermission{className="java.lang.RuntimePermission" name="accessClassInPackage.com.sun.xml.internal.messaging.saaj.soap.impl" }, JavaPermission{actions="POST:AcceptSOAPActionUser-Agent" className="java.net.URLPermission" name="http://localhost:8010/x509sig/X509XmlSigService1" }, JavaPermission{actions="POST:AcceptSOAPActionUser-Agent" className="java.net.URLPermission" name="http://localhost:8010/x509sig/X509XmlStrService1" }, JavaPermission{actions="POST:AcceptSOAPActionUser-Agent" className="java.net.URLPermission" name="http://localhost:8010/x509sig/X509XmlSigService3" }, JavaPermission{actions="POST:AcceptSOAPActionUser-Agent" className="java.net.URLPermission" name="http://localhost:8010/xmlsig/X509XmlSigService1" }, JavaPermission{actions="POST:AcceptSOAPActionUser-Agent" className="java.net.URLPermission" name="http://localhost:8010/x509sig/X509XmlStrService2" }, JavaPermission{actions="read" className="java.util.PropertyPermission" name="javax.xml.soap.MessageFactory" }, JavaPermission{actions="*" className="org.osgi.framework.AdminPermission" name="*" }, JavaPermission{className="java.security.SecurityPermission" name="org.apache.xml.security.register" }, JavaPermission{className="java.lang.RuntimePermission" name="accessClassInPackage.sun.net.www.protocol.c" }]
[06/06/2021 00:19:13:539 PDT] 001 LibertyFileManager             moveLibertyFile                I Moving C:/Users/Administrator/libertyGit/open-liberty/dev/com.ibm.ws.wssecurity_fat.wsscxf.1/build/libs/autoFVT/publish/servers/com.ibm.ws.wssecurity_fat.x509sig/server_enc_wss4j.xml.tmp to C:/Users/Administrator/libertyGit/open-liberty/dev/com.ibm.ws.wssecurity_fat.wsscxf.1/build/libs/autoFVT/publish/servers/com.ibm.ws.wssecurity_fat.x509sig/server_enc_wss4j.xml
[06/06/2021 00:19:14:002 PDT] 001 LibertyFileManager             moveLibertyFile                I server_enc_wss4j.xml was successfully copied.
[06/06/2021 00:19:14:022 PDT] 001 FeatureReplacementAction       setup                          I Original features:  [appsecurity-2.0, jsp-2.2, servlet-3.1, ssl-1.0, usr:wsseccbh-1.0, jaxws-2.2, wssecurity-1.1]
[06/06/2021 00:19:14:023 PDT] 001 FeatureReplacementAction       getReplacementFeature          I Replace feature [ servlet-3.1 ] with [ servlet-4.0 ]
[06/06/2021 00:19:14:024 PDT] 001 FeatureReplacementAction       getReplacementFeature          I Replace feature [ appsecurity-2.0 ] with [ appSecurity-3.0 ]
[06/06/2021 00:19:14:024 PDT] 001 FeatureReplacementAction       getReplacementFeature          I Replace feature [ jaxws-2.2 ] with [ jaxws-2.3 ]
[06/06/2021 00:19:14:024 PDT] 001 FeatureReplacementAction       getReplacementFeature          I Replace feature [ jsp-2.2 ] with [ jsp-2.3 ]
[06/06/2021 00:19:14:024 PDT] 001 FeatureReplacementAction       getReplacementFeature          I Replace feature [ usr:wsseccbh-1.0 ] with [ usr:wsseccbh-2.0 ]
[06/06/2021 00:19:14:024 PDT] 001 FeatureReplacementAction       setup                          I Resulting features: [jsp-2.3, servlet-4.0, usr:wsseccbh-2.0, ssl-1.0, jaxws-2.3, appSecurity-3.0, wssecurity-1.1]
[06/06/2021 00:19:14:024 PDT] 001 FeatureReplacementAction       setup                          I Config: ServerConfiguration
FeatureManager{feature="jsp-2.3" feature="servlet-4.0" feature="usr:wsseccbh-2.0" feature="ssl-1.0" feature="jaxws-2.3" feature="appSecurity-3.0" feature="wssecurity-1.1" }[BasicRegistry{realm="customRealm" User{name="user1" password="security" },User{name="user2" password="security" },User{name="test1" password="test1" },User{name="test2" password="test2" },User{name="test3" password="test3" },User{name="test4" password="test4" },User{name="admin" password="admin" },User{name="bob" password="bob" },User{name="joe" password="joe" },User{name="user1pw" password="pw8server" },}][IncludeElement{location="../fatTestPorts.xml" }]SSLDefault{sslRef="DefaultSSLSettings" }[SSL{keyStoreRef="myKeyStore" trustStoreRef="myTrustStore" }][KeyStore{password="Liberty" location="${server.config.dir}/key.jks" type="jks" }, KeyStore{password="LibertyServer" location="${server.config.dir}/sslServerTrust.jks" type="jks" }][JavaPermission{actions="read" className="java.io.FilePermission" name="ALL FILES" }, JavaPermission{actions="get" className="org.osgi.framework.ServicePermission" name="*" }, JavaPermission{className="java.lang.RuntimePermission" name="accessClassInPackage.com.sun.xml.internal.messaging.saaj.soap" }, JavaPermission{className="java.lang.RuntimePermission" name="accessClassInPackage.com.sun.xml.internal.messaging.saaj.soap.ver1_1" }, JavaPermission{className="java.lang.RuntimePermission" name="accessClassInPackage.com.sun.xml.internal.messaging.saaj.util" }, JavaPermission{className="java.lang.RuntimePermission" name="accessClassInPackage.com.sun.xml.internal.messaging.saaj.soap.name" }, JavaPermission{className="java.lang.RuntimePermission" name="accessClassInPackage.com.sun.xml.internal.messaging.saaj.soap.impl" }, JavaPermission{actions="POST:AcceptSOAPActionUser-Agent" className="java.net.URLPermission" name="http://localhost:8010/x509migtoken/FatBAX01Service" }, JavaPermission{actions="POST:AcceptSOAPActionUser-Agent" className="java.net.URLPermission" name="http://localhost:8010/x509migtoken/FatBAX31Service" }, JavaPermission{actions="POST:AcceptSOAPActionUser-Agent" className="java.net.URLPermission" name="http://localhost:8010/x509migtoken/FatBAX29Service" }, JavaPermission{actions="POST:AcceptSOAPActionUser-Agent" className="java.net.URLPermission" name="https://localhost:8020/x509migtoken/FatBAX01Service" }, JavaPermission{actions="POST:AcceptSOAPActionUser-Agent" className="java.net.URLPermission" name="http://localhost:8010/x509migtoken/FatBAX03Service" }, JavaPermission{actions="POST:AcceptSOAPActionUser-Agent" className="java.net.URLPermission" name="http://localhost:8010/x509migtoken/FatBAX09Service" }, JavaPermission{actions="POST:AcceptSOAPActionUser-Agent" className="java.net.URLPermission" name="http://localhost:8010/x509migtoken/FatBAX04Service" }, JavaPermission{actions="POST:AcceptSOAPActionUser-Agent" className="java.net.URLPermission" name="http://localhost:8010/x509migtoken/FatBAX05Service" }, JavaPermission{actions="POST:AcceptSOAPActionUser-Agent" className="java.net.URLPermission" name="http://localhost:8010/x509migtoken/FatBAX06Service" }, JavaPermission{actions="POST:AcceptSOAPActionUser-Agent" className="java.net.URLPermission" name="http://localhost:8010/x509migtoken/FatBAX24Service" }, JavaPermission{actions="POST:AcceptSOAPActionUser-Agent" className="java.net.URLPermission" name="http://localhost:8010/x509migtoken/FatBAX25Service" }, JavaPermission{actions="POST:AcceptSOAPActionUser-Agent" className="java.net.URLPermission" name="http://localhost:8010/x509migtoken/FatBAX27Service" }, JavaPermission{actions="POST:AcceptSOAPActionUser-Agent" className="java.net.URLPermission" name="http://localhost:8010/x509migtoken/FatBAX35Service" }, JavaPermission{actions="POST:AcceptSOAPActionUser-Agent" className="java.net.URLPermission" name="https://localhost:8020/x509migtoken/FatBAX35Service" }, JavaPermission{actions="POST:AcceptSOAPActionUser-Agent" className="java.net.URLPermission" name="http://localhost:8010/x509migtoken/FatBAX33Service" }, JavaPermission{actions="read" className="java.util.PropertyPermission" name="javax.xml.soap.MessageFactory" }, JavaPermission{actions="read" className="java.util.PropertyPermission" name="javax.xml.soap.MetaFactory" }, JavaPermission{actions="read" className="java.util.PropertyPermission" name="java.home" }, JavaPermission{actions="*" className="org.osgi.framework.AdminPermission" name="*" }, JavaPermission{className="java.security.SecurityPermission" name="org.apache.xml.security.register" }, JavaPermission{className="java.lang.RuntimePermission" name="accessClassInPackage.sun.net.www.protocol.c" }]
[06/06/2021 00:19:14:039 PDT] 001 LibertyFileManager             moveLibertyFile                I Moving C:/Users/Administrator/libertyGit/open-liberty/dev/com.ibm.ws.wssecurity_fat.wsscxf.1/build/libs/autoFVT/publish/servers/com.ibm.ws.wssecurity_fat.x509migsym/server.xml.tmp to C:/Users/Administrator/libertyGit/open-liberty/dev/com.ibm.ws.wssecurity_fat.wsscxf.1/build/libs/autoFVT/publish/servers/com.ibm.ws.wssecurity_fat.x509migsym/server.xml
[06/06/2021 00:19:14:502 PDT] 001 LibertyFileManager             moveLibertyFile                I server.xml was successfully copied.
[06/06/2021 00:19:14:520 PDT] 001 FeatureReplacementAction       setup                          I Original features:  [appsecurity-2.0, jsp-2.2, servlet-3.1, ssl-1.0, usr:wsseccbh-1.0, jaxws-2.2, wssecurity-1.1]
[06/06/2021 00:19:14:521 PDT] 001 FeatureReplacementAction       getReplacementFeature          I Replace feature [ servlet-3.1 ] with [ servlet-4.0 ]
[06/06/2021 00:19:14:522 PDT] 001 FeatureReplacementAction       getReplacementFeature          I Replace feature [ appsecurity-2.0 ] with [ appSecurity-3.0 ]
[06/06/2021 00:19:14:523 PDT] 001 FeatureReplacementAction       getReplacementFeature          I Replace feature [ jaxws-2.2 ] with [ jaxws-2.3 ]
[06/06/2021 00:19:14:524 PDT] 001 FeatureReplacementAction       getReplacementFeature          I Replace feature [ jsp-2.2 ] with [ jsp-2.3 ]
[06/06/2021 00:19:14:524 PDT] 001 FeatureReplacementAction       getReplacementFeature          I Replace feature [ usr:wsseccbh-1.0 ] with [ usr:wsseccbh-2.0 ]
[06/06/2021 00:19:14:524 PDT] 001 FeatureReplacementAction       setup                          I Resulting features: [jsp-2.3, servlet-4.0, usr:wsseccbh-2.0, ssl-1.0, jaxws-2.3, appSecurity-3.0, wssecurity-1.1]
[06/06/2021 00:19:14:524 PDT] 001 FeatureReplacementAction       setup                          I Config: ServerConfiguration
FeatureManager{feature="jsp-2.3" feature="servlet-4.0" feature="usr:wsseccbh-2.0" feature="ssl-1.0" feature="jaxws-2.3" feature="appSecurity-3.0" feature="wssecurity-1.1" }[BasicRegistry{realm="customRealm" User{name="user1" password="security" },User{name="user2" password="security" },User{name="test1" password="test1" },User{name="test2" password="test2" },User{name="test3" password="test3" },User{name="test4" password="test4" },User{name="admin" password="admin" },User{name="bob" password="bob" },User{name="joe" password="joe" },User{name="user1pw" password="pw8server" },}][IncludeElement{location="../fatTestPorts.xml" }]SSLDefault{sslRef="DefaultSSLSettings" }[SSL{keyStoreRef="myKeyStore" trustStoreRef="myTrustStore" }][KeyStore{password="Liberty" location="${server.config.dir}/key.jks" type="jks" }, KeyStore{password="LibertyServer" location="${server.config.dir}/sslServerTrust.jks" type="jks" }][JavaPermission{actions="read" className="java.io.FilePermission" name="ALL FILES" }, JavaPermission{actions="read" className="java.util.PropertyPermission" name="javax.xml.soap.MessageFactory" }, JavaPermission{className="java.lang.RuntimePermission" name="accessClassInPackage.com.sun.xml.internal.messaging.saaj.soap" }, JavaPermission{className="java.lang.RuntimePermission" name="accessClassInPackage.com.sun.xml.internal.messaging.saaj.soap.ver1_1" }, JavaPermission{className="java.lang.RuntimePermission" name="accessClassInPackage.com.sun.xml.internal.messaging.saaj.util" }, JavaPermission{className="java.lang.RuntimePermission" name="accessClassInPackage.com.sun.xml.internal.messaging.saaj.soap.name" }, JavaPermission{className="java.lang.RuntimePermission" name="accessClassInPackage.com.sun.xml.internal.messaging.saaj.soap.impl" }, JavaPermission{actions="POST:AcceptSOAPActionUser-Agent" className="java.net.URLPermission" name="https://localhost:8020/endsuptokens/EndSupTokensService0" }, JavaPermission{actions="POST:AcceptSOAPActionUser-Agent" className="java.net.URLPermission" name="http://localhost:8010/endsuptokens/EndSupTokensService4" }, JavaPermission{actions="POST:AcceptSOAPActionUser-Agent" className="java.net.URLPermission" name="https://localhost:8020/endsuptokens/EndSupTokensService0Body" }, JavaPermission{actions="POST:AcceptSOAPActionUser-Agent" className="java.net.URLPermission" name="http://localhost:8010/endsuptokens/EndSupTokensService5" }, JavaPermission{actions="POST:AcceptSOAPActionUser-Agent" className="java.net.URLPermission" name="https://localhost:8020/endsuptokens/EndSupTokensService0BodyElement" }, JavaPermission{actions="POST:AcceptSOAPActionUser-Agent" className="java.net.URLPermission" name="http://localhost:8010/endsuptokens/EndSupTokensService6" }, JavaPermission{actions="POST:AcceptSOAPActionUser-Agent" className="java.net.URLPermission" name="https://localhost:8020/endsuptokens/EndSupTokensService1" }, JavaPermission{actions="POST:AcceptSOAPActionUser-Agent" className="java.net.URLPermission" name="http://localhost:8010/endsuptokens/EndSupTokensService7" }, JavaPermission{actions="read" className="java.util.PropertyPermission" name="java.home" }, JavaPermission{actions="read" className="java.util.PropertyPermission" name="javax.xml.soap.MetaFactory" }, JavaPermission{actions="*" className="org.osgi.framework.AdminPermission" name="*" }, JavaPermission{className="java.security.SecurityPermission" name="org.apache.xml.security.register" }, JavaPermission{className="java.lang.RuntimePermission" name="accessClassInPackage.sun.net.www.protocol.c" }]
[06/06/2021 00:19:14:539 PDT] 001 LibertyFileManager             moveLibertyFile                I Moving C:/Users/Administrator/libertyGit/open-liberty/dev/com.ibm.ws.wssecurity_fat.wsscxf.1/build/libs/autoFVT/publish/servers/com.ibm.ws.wssecurity_fat.endsuptokens/server_asym_wss4j.xml.tmp to C:/Users/Administrator/libertyGit/open-liberty/dev/com.ibm.ws.wssecurity_fat.wsscxf.1/build/libs/autoFVT/publish/servers/com.ibm.ws.wssecurity_fat.endsuptokens/server_asym_wss4j.xml
[06/06/2021 00:19:15:002 PDT] 001 LibertyFileManager             moveLibertyFile                I server_asym_wss4j.xml was successfully copied.
[06/06/2021 00:19:15:024 PDT] 001 FeatureReplacementAction       setup                          I Original features:  [appsecurity-2.0, jsp-2.2, servlet-3.1, ssl-1.0, usr:wsseccbh-1.0, jaxws-2.2, wssecurity-1.1]
[06/06/2021 00:19:15:024 PDT] 001 FeatureReplacementAction       getReplacementFeature          I Replace feature [ servlet-3.1 ] with [ servlet-4.0 ]
[06/06/2021 00:19:15:024 PDT] 001 FeatureReplacementAction       getReplacementFeature          I Replace feature [ appsecurity-2.0 ] with [ appSecurity-3.0 ]
[06/06/2021 00:19:15:024 PDT] 001 FeatureReplacementAction       getReplacementFeature          I Replace feature [ jaxws-2.2 ] with [ jaxws-2.3 ]
[06/06/2021 00:19:15:024 PDT] 001 FeatureReplacementAction       getReplacementFeature          I Replace feature [ jsp-2.2 ] with [ jsp-2.3 ]
[06/06/2021 00:19:15:024 PDT] 001 FeatureReplacementAction       getReplacementFeature          I Replace feature [ usr:wsseccbh-1.0 ] with [ usr:wsseccbh-2.0 ]
[06/06/2021 00:19:15:024 PDT] 001 FeatureReplacementAction       setup                          I Resulting features: [jsp-2.3, servlet-4.0, usr:wsseccbh-2.0, ssl-1.0, jaxws-2.3, appSecurity-3.0, wssecurity-1.1]
[06/06/2021 00:19:15:024 PDT] 001 FeatureReplacementAction       setup                          I Config: ServerConfiguration
FeatureManager{feature="jsp-2.3" feature="servlet-4.0" feature="usr:wsseccbh-2.0" feature="ssl-1.0" feature="jaxws-2.3" feature="appSecurity-3.0" feature="wssecurity-1.1" }[BasicRegistry{realm="customRealm" User{name="user1" password="security" },User{name="user2" password="security" },User{name="test1" password="test1" },User{name="test2" password="test2" },User{name="test3" password="test3" },User{name="test4" password="test4" },User{name="admin" password="admin" },User{name="bob" password="bob" },User{name="joe" password="joe" },User{name="user1pw" password="pw8server" },}][IncludeElement{location="../fatTestPorts.xml" }]SSLDefault{sslRef="DefaultSSLSettings" }[SSL{keyStoreRef="myKeyStore" trustStoreRef="myTrustStore" }][KeyStore{password="Liberty" location="${server.config.dir}/key.jks" type="jks" }, KeyStore{password="LibertyServer" location="${server.config.dir}/sslServerTrust.jks" type="jks" }][JavaPermission{actions="read" className="java.io.FilePermission" name="ALL FILES" }, JavaPermission{actions="read" className="java.util.PropertyPermission" name="javax.xml.soap.MessageFactory" }, JavaPermission{className="java.lang.RuntimePermission" name="accessClassInPackage.com.sun.xml.internal.messaging.saaj.soap" }, JavaPermission{className="java.lang.RuntimePermission" name="accessClassInPackage.com.sun.xml.internal.messaging.saaj.soap.ver1_1" }, JavaPermission{className="java.lang.RuntimePermission" name="accessClassInPackage.com.sun.xml.internal.messaging.saaj.util" }, JavaPermission{className="java.lang.RuntimePermission" name="accessClassInPackage.com.sun.xml.internal.messaging.saaj.soap.name" }, JavaPermission{className="java.lang.RuntimePermission" name="accessClassInPackage.com.sun.xml.internal.messaging.saaj.soap.impl" }, JavaPermission{actions="POST:AcceptSOAPActionUser-Agent" className="java.net.URLPermission" name="https://localhost:8020/endsuptokens/EndSupTokensService0" }, JavaPermission{actions="POST:AcceptSOAPActionUser-Agent" className="java.net.URLPermission" name="http://localhost:8010/endsuptokens/EndSupTokensService4" }, JavaPermission{actions="POST:AcceptSOAPActionUser-Agent" className="java.net.URLPermission" name="https://localhost:8020/endsuptokens/EndSupTokensService0Body" }, JavaPermission{actions="POST:AcceptSOAPActionUser-Agent" className="java.net.URLPermission" name="http://localhost:8010/endsuptokens/EndSupTokensService5" }, JavaPermission{actions="POST:AcceptSOAPActionUser-Agent" className="java.net.URLPermission" name="https://localhost:8020/endsuptokens/EndSupTokensService0BodyElement" }, JavaPermission{actions="POST:AcceptSOAPActionUser-Agent" className="java.net.URLPermission" name="http://localhost:8010/endsuptokens/EndSupTokensService6" }, JavaPermission{actions="POST:AcceptSOAPActionUser-Agent" className="java.net.URLPermission" name="https://localhost:8020/endsuptokens/EndSupTokensService1" }, JavaPermission{actions="POST:AcceptSOAPActionUser-Agent" className="java.net.URLPermission" name="http://localhost:8010/endsuptokens/EndSupTokensService7" }, JavaPermission{actions="read" className="java.util.PropertyPermission" name="java.home" }, JavaPermission{actions="read" className="java.util.PropertyPermission" name="javax.xml.soap.MetaFactory" }, JavaPermission{actions="*" className="org.osgi.framework.AdminPermission" name="*" }, JavaPermission{className="java.security.SecurityPermission" name="org.apache.xml.security.register" }, JavaPermission{className="java.lang.RuntimePermission" name="accessClassInPackage.sun.net.www.protocol.c" }]
[06/06/2021 00:19:15:024 PDT] 001 LibertyFileManager             moveLibertyFile                I Moving C:/Users/Administrator/libertyGit/open-liberty/dev/com.ibm.ws.wssecurity_fat.wsscxf.1/build/libs/autoFVT/publish/servers/com.ibm.ws.wssecurity_fat.endsuptokens/server_wss4j.xml.tmp to C:/Users/Administrator/libertyGit/open-liberty/dev/com.ibm.ws.wssecurity_fat.wsscxf.1/build/libs/autoFVT/publish/servers/com.ibm.ws.wssecurity_fat.endsuptokens/server_wss4j.xml
[06/06/2021 00:19:15:487 PDT] 001 LibertyFileManager             moveLibertyFile                I server_wss4j.xml was successfully copied.
[06/06/2021 00:19:15:487 PDT] 001 FeatureReplacementAction       setup                          I Original features:  [appsecurity-2.0, jsp-2.2, servlet-3.1, ssl-1.0, usr:wsseccbh-1.0, jaxws-2.2, wssecurity-1.1]
[06/06/2021 00:19:15:487 PDT] 001 FeatureReplacementAction       getReplacementFeature          I Replace feature [ servlet-3.1 ] with [ servlet-4.0 ]
[06/06/2021 00:19:15:487 PDT] 001 FeatureReplacementAction       getReplacementFeature          I Replace feature [ appsecurity-2.0 ] with [ appSecurity-3.0 ]
[06/06/2021 00:19:15:487 PDT] 001 FeatureReplacementAction       getReplacementFeature          I Replace feature [ jaxws-2.2 ] with [ jaxws-2.3 ]
[06/06/2021 00:19:15:487 PDT] 001 FeatureReplacementAction       getReplacementFeature          I Replace feature [ jsp-2.2 ] with [ jsp-2.3 ]
[06/06/2021 00:19:15:487 PDT] 001 FeatureReplacementAction       getReplacementFeature          I Replace feature [ usr:wsseccbh-1.0 ] with [ usr:wsseccbh-2.0 ]
[06/06/2021 00:19:15:487 PDT] 001 FeatureReplacementAction       setup                          I Resulting features: [jsp-2.3, servlet-4.0, usr:wsseccbh-2.0, ssl-1.0, jaxws-2.3, appSecurity-3.0, wssecurity-1.1]
[06/06/2021 00:19:15:503 PDT] 001 FeatureReplacementAction       setup                          I Config: ServerConfiguration
FeatureManager{feature="jsp-2.3" feature="servlet-4.0" feature="usr:wsseccbh-2.0" feature="ssl-1.0" feature="jaxws-2.3" feature="appSecurity-3.0" feature="wssecurity-1.1" }[BasicRegistry{realm="customRealm" User{name="user1" password="security" },User{name="user2" password="security" },User{name="test1" password="test1" },User{name="test2" password="test2" },User{name="user1pw" password="pw8server" },}][IncludeElement{location="../fatTestPorts.xml" }][JavaPermission{actions="read" className="java.io.FilePermission" name="ALL FILES" }, JavaPermission{className="java.lang.RuntimePermission" name="accessClassInPackage.com.sun.xml.internal.messaging.saaj.soap" }, JavaPermission{className="java.lang.RuntimePermission" name="accessClassInPackage.com.sun.xml.internal.messaging.saaj.soap.ver1_1" }, JavaPermission{className="java.lang.RuntimePermission" name="accessClassInPackage.com.sun.xml.internal.messaging.saaj.util" }, JavaPermission{className="java.lang.RuntimePermission" name="accessClassInPackage.com.sun.xml.internal.messaging.saaj.soap.name" }, JavaPermission{className="java.lang.RuntimePermission" name="accessClassInPackage.com.sun.xml.internal.messaging.saaj.soap.impl" }, JavaPermission{actions="POST:AcceptSOAPActionUser-Agent" className="java.net.URLPermission" name="http://localhost:8010/x509sig/X509XmlSigService1" }, JavaPermission{actions="POST:AcceptSOAPActionUser-Agent" className="java.net.URLPermission" name="http://localhost:8010/x509sig/X509XmlStrService1" }, JavaPermission{actions="POST:AcceptSOAPActionUser-Agent" className="java.net.URLPermission" name="http://localhost:8010/x509sig/X509XmlSigService3" }, JavaPermission{actions="POST:AcceptSOAPActionUser-Agent" className="java.net.URLPermission" name="http://localhost:8010/xmlsig/X509XmlSigService1" }, JavaPermission{actions="POST:AcceptSOAPActionUser-Agent" className="java.net.URLPermission" name="http://localhost:8010/x509sig/X509XmlStrService2" }, JavaPermission{actions="read" className="java.util.PropertyPermission" name="javax.xml.soap.MessageFactory" }, JavaPermission{actions="*" className="org.osgi.framework.AdminPermission" name="*" }, JavaPermission{className="java.security.SecurityPermission" name="org.apache.xml.security.register" }]
[06/06/2021 00:19:15:503 PDT] 001 LibertyFileManager             moveLibertyFile                I Moving C:/Users/Administrator/libertyGit/open-liberty/dev/com.ibm.ws.wssecurity_fat.wsscxf.1/build/libs/autoFVT/publish/servers/com.ibm.ws.wssecurity_fat.x509sig/server_badenc_wss4j.xml.tmp to C:/Users/Administrator/libertyGit/open-liberty/dev/com.ibm.ws.wssecurity_fat.wsscxf.1/build/libs/autoFVT/publish/servers/com.ibm.ws.wssecurity_fat.x509sig/server_badenc_wss4j.xml
[06/06/2021 00:19:15:972 PDT] 001 LibertyFileManager             moveLibertyFile                I server_badenc_wss4j.xml was successfully copied.
[06/06/2021 00:19:15:972 PDT] 001 FeatureReplacementAction       setup                          I Original features:  [appsecurity-2.0, jsp-2.2, servlet-3.1, ssl-1.0, usr:wsseccbh-1.0, jaxws-2.2, wssecurity-1.1]
[06/06/2021 00:19:15:972 PDT] 001 FeatureReplacementAction       getReplacementFeature          I Replace feature [ servlet-3.1 ] with [ servlet-4.0 ]
[06/06/2021 00:19:15:972 PDT] 001 FeatureReplacementAction       getReplacementFeature          I Replace feature [ appsecurity-2.0 ] with [ appSecurity-3.0 ]
[06/06/2021 00:19:15:972 PDT] 001 FeatureReplacementAction       getReplacementFeature          I Replace feature [ jaxws-2.2 ] with [ jaxws-2.3 ]
[06/06/2021 00:19:15:987 PDT] 001 FeatureReplacementAction       getReplacementFeature          I Replace feature [ jsp-2.2 ] with [ jsp-2.3 ]
[06/06/2021 00:19:15:987 PDT] 001 FeatureReplacementAction       getReplacementFeature          I Replace feature [ usr:wsseccbh-1.0 ] with [ usr:wsseccbh-2.0 ]
[06/06/2021 00:19:15:987 PDT] 001 FeatureReplacementAction       setup                          I Resulting features: [jsp-2.3, servlet-4.0, usr:wsseccbh-2.0, ssl-1.0, jaxws-2.3, appSecurity-3.0, wssecurity-1.1]
[06/06/2021 00:19:15:987 PDT] 001 FeatureReplacementAction       setup                          I Config: ServerConfiguration
FeatureManager{feature="jsp-2.3" feature="servlet-4.0" feature="usr:wsseccbh-2.0" feature="ssl-1.0" feature="jaxws-2.3" feature="appSecurity-3.0" feature="wssecurity-1.1" }[BasicRegistry{realm="customRealm" User{name="user1" password="security" },User{name="user2" password="security" },User{name="test1" password="test1" },User{name="test2" password="test2" },User{name="user1pw" password="pw8server" },}][IncludeElement{location="../fatTestPorts.xml" }][JavaPermission{actions="read" className="java.io.FilePermission" name="ALL FILES" }, JavaPermission{className="java.lang.RuntimePermission" name="accessClassInPackage.com.sun.xml.internal.messaging.saaj.soap" }, JavaPermission{className="java.lang.RuntimePermission" name="accessClassInPackage.com.sun.xml.internal.messaging.saaj.soap.ver1_1" }, JavaPermission{className="java.lang.RuntimePermission" name="accessClassInPackage.com.sun.xml.internal.messaging.saaj.util" }, JavaPermission{className="java.lang.RuntimePermission" name="accessClassInPackage.com.sun.xml.internal.messaging.saaj.soap.name" }, JavaPermission{className="java.lang.RuntimePermission" name="accessClassInPackage.com.sun.xml.internal.messaging.saaj.soap.impl" }, JavaPermission{actions="POST:AcceptSOAPActionUser-Agent" className="java.net.URLPermission" name="http://localhost:8010/x509sig/X509XmlSigService1" }, JavaPermission{actions="POST:AcceptSOAPActionUser-Agent" className="java.net.URLPermission" name="http://localhost:8010/x509sig/X509XmlStrService1" }, JavaPermission{actions="POST:AcceptSOAPActionUser-Agent" className="java.net.URLPermission" name="http://localhost:8010/x509sig/X509XmlSigService3" }, JavaPermission{actions="POST:AcceptSOAPActionUser-Agent" className="java.net.URLPermission" name="http://localhost:8010/xmlsig/X509XmlSigService1" }, JavaPermission{actions="POST:AcceptSOAPActionUser-Agent" className="java.net.URLPermission" name="http://localhost:8010/x509sig/X509XmlStrService2" }, JavaPermission{actions="read" className="java.util.PropertyPermission" name="javax.xml.soap.MessageFactory" }, JavaPermission{actions="*" className="org.osgi.framework.AdminPermission" name="*" }, JavaPermission{className="java.security.SecurityPermission" name="org.apache.xml.security.register" }, JavaPermission{className="java.lang.RuntimePermission" name="accessClassInPackage.sun.net.www.protocol.c" }]
[06/06/2021 00:19:15:987 PDT] 001 LibertyFileManager             moveLibertyFile                I Moving C:/Users/Administrator/libertyGit/open-liberty/dev/com.ibm.ws.wssecurity_fat.wsscxf.1/build/libs/autoFVT/publish/servers/com.ibm.ws.wssecurity_fat.x509sig/server_wss4j.xml.tmp to C:/Users/Administrator/libertyGit/open-liberty/dev/com.ibm.ws.wssecurity_fat.wsscxf.1/build/libs/autoFVT/publish/servers/com.ibm.ws.wssecurity_fat.x509sig/server_wss4j.xml
[06/06/2021 00:19:16:456 PDT] 001 LibertyFileManager             moveLibertyFile                I server_wss4j.xml was successfully copied.
[06/06/2021 00:19:16:456 PDT] 001 FeatureReplacementAction       setup                          I Original features:  [appsecurity-2.0, jsp-2.2, servlet-3.1, ssl-1.0, usr:wsseccbh-1.0, jaxws-2.2, wssecurity-1.1]
[06/06/2021 00:19:16:456 PDT] 001 FeatureReplacementAction       getReplacementFeature          I Replace feature [ servlet-3.1 ] with [ servlet-4.0 ]
[06/06/2021 00:19:16:456 PDT] 001 FeatureReplacementAction       getReplacementFeature          I Replace feature [ appsecurity-2.0 ] with [ appSecurity-3.0 ]
[06/06/2021 00:19:16:456 PDT] 001 FeatureReplacementAction       getReplacementFeature          I Replace feature [ jaxws-2.2 ] with [ jaxws-2.3 ]
[06/06/2021 00:19:16:456 PDT] 001 FeatureReplacementAction       getReplacementFeature          I Replace feature [ jsp-2.2 ] with [ jsp-2.3 ]
[06/06/2021 00:19:16:456 PDT] 001 FeatureReplacementAction       getReplacementFeature          I Replace feature [ usr:wsseccbh-1.0 ] with [ usr:wsseccbh-2.0 ]
[06/06/2021 00:19:16:472 PDT] 001 FeatureReplacementAction       setup                          I Resulting features: [jsp-2.3, servlet-4.0, usr:wsseccbh-2.0, ssl-1.0, jaxws-2.3, appSecurity-3.0, wssecurity-1.1]
[06/06/2021 00:19:16:472 PDT] 001 FeatureReplacementAction       setup                          I Config: ServerConfiguration
FeatureManager{feature="jsp-2.3" feature="servlet-4.0" feature="usr:wsseccbh-2.0" feature="ssl-1.0" feature="jaxws-2.3" feature="appSecurity-3.0" feature="wssecurity-1.1" }[BasicRegistry{realm="customRealm" User{name="user1" password="security" },User{name="user2" password="security" },User{name="test1" password="test1" },User{name="test2" password="test2" },User{name="user1pw" password="pw8server" },}][Application{name="x509crl" type="war" location="${server.config.dir}/testApps/x509crl.war" [ClassLoaderElement{apiTypeVisibility="" }]}, Application{name="x509crlclient" type="war" location="${server.config.dir}/testApps/x509crlclient.war" [ClassLoaderElement{apiTypeVisibility="" }]}][IncludeElement{location="../fatTestPorts.xml" }][JavaPermission{actions="read" className="java.io.FilePermission" name="ALL FILES" }, JavaPermission{className="java.lang.RuntimePermission" name="accessClassInPackage.com.sun.xml.internal.messaging.saaj.soap" }, JavaPermission{className="java.lang.RuntimePermission" name="accessClassInPackage.com.sun.xml.internal.messaging.saaj.soap.ver1_1" }, JavaPermission{className="java.lang.RuntimePermission" name="accessClassInPackage.com.sun.xml.internal.messaging.saaj.util" }, JavaPermission{className="java.lang.RuntimePermission" name="accessClassInPackage.com.sun.xml.internal.messaging.saaj.soap.name" }, JavaPermission{className="java.lang.RuntimePermission" name="accessClassInPackage.com.sun.xml.internal.messaging.saaj.soap.impl" }, JavaPermission{actions="POST:AcceptSOAPActionUser-Agent" className="java.net.URLPermission" name="http://localhost:8010/x509crl/X509CrlNotInListService" }, JavaPermission{actions="POST:AcceptSOAPActionUser-Agent" className="java.net.URLPermission" name="http://localhost:8010/x509crl/X509CrlInListService" }, JavaPermission{actions="*" className="org.osgi.framework.AdminPermission" name="*" }, JavaPermission{className="java.security.SecurityPermission" name="org.apache.xml.security.register" }, JavaPermission{className="java.lang.RuntimePermission" name="accessClassInPackage.sun.net.www.protocol.c" }, JavaPermission{className="java.lang.RuntimePermission" name="getClassLoader" }]
[06/06/2021 00:19:16:488 PDT] 001 LibertyFileManager             moveLibertyFile                I Moving C:/Users/Administrator/libertyGit/open-liberty/dev/com.ibm.ws.wssecurity_fat.wsscxf.1/build/libs/autoFVT/publish/servers/com.ibm.ws.wssecurity_fat.x509crl/server_certp.xml.tmp to C:/Users/Administrator/libertyGit/open-liberty/dev/com.ibm.ws.wssecurity_fat.wsscxf.1/build/libs/autoFVT/publish/servers/com.ibm.ws.wssecurity_fat.x509crl/server_certp.xml
[06/06/2021 00:19:16:957 PDT] 001 LibertyFileManager             moveLibertyFile                I server_certp.xml was successfully copied.
[06/06/2021 00:19:16:957 PDT] 001 FeatureReplacementAction       setup                          I Original features:  [appsecurity-2.0, jsp-2.2, servlet-3.1, ssl-1.0, usr:wsseccbh-1.0, jaxws-2.2, wssecurity-1.1]
[06/06/2021 00:19:16:957 PDT] 001 FeatureReplacementAction       getReplacementFeature          I Replace feature [ servlet-3.1 ] with [ servlet-4.0 ]
[06/06/2021 00:19:16:957 PDT] 001 FeatureReplacementAction       getReplacementFeature          I Replace feature [ appsecurity-2.0 ] with [ appSecurity-3.0 ]
[06/06/2021 00:19:16:957 PDT] 001 FeatureReplacementAction       getReplacementFeature          I Replace feature [ jaxws-2.2 ] with [ jaxws-2.3 ]
[06/06/2021 00:19:16:957 PDT] 001 FeatureReplacementAction       getReplacementFeature          I Replace feature [ jsp-2.2 ] with [ jsp-2.3 ]
[06/06/2021 00:19:16:957 PDT] 001 FeatureReplacementAction       getReplacementFeature          I Replace feature [ usr:wsseccbh-1.0 ] with [ usr:wsseccbh-2.0 ]
[06/06/2021 00:19:16:972 PDT] 001 FeatureReplacementAction       setup                          I Resulting features: [jsp-2.3, servlet-4.0, usr:wsseccbh-2.0, ssl-1.0, jaxws-2.3, appSecurity-3.0, wssecurity-1.1]
[06/06/2021 00:19:16:972 PDT] 001 FeatureReplacementAction       setup                          I Config: ServerConfiguration
FeatureManager{feature="jsp-2.3" feature="servlet-4.0" feature="usr:wsseccbh-2.0" feature="ssl-1.0" feature="jaxws-2.3" feature="appSecurity-3.0" feature="wssecurity-1.1" }[BasicRegistry{realm="customRealm" User{name="user1" password="security" },User{name="user2" password="security" },User{name="test1" password="test1" },User{name="test2" password="test2" },User{name="user1pw" password="pw8server" },}][IncludeElement{location="../fatTestPorts.xml" }][JavaPermission{actions="read" className="java.io.FilePermission" name="ALL FILES" }, JavaPermission{className="java.lang.RuntimePermission" name="accessClassInPackage.com.sun.xml.internal.messaging.saaj.soap" }, JavaPermission{className="java.lang.RuntimePermission" name="accessClassInPackage.com.sun.xml.internal.messaging.saaj.soap.ver1_1" }, JavaPermission{className="java.lang.RuntimePermission" name="accessClassInPackage.com.sun.xml.internal.messaging.saaj.util" }, JavaPermission{className="java.lang.RuntimePermission" name="accessClassInPackage.com.sun.xml.internal.messaging.saaj.soap.name" }, JavaPermission{className="java.lang.RuntimePermission" name="accessClassInPackage.com.sun.xml.internal.messaging.saaj.soap.impl" }, JavaPermission{actions="POST:AcceptSOAPActionUser-Agent" className="java.net.URLPermission" name="http://localhost:8010/x509sig/X509XmlSigService1" }, JavaPermission{actions="POST:AcceptSOAPActionUser-Agent" className="java.net.URLPermission" name="http://localhost:8010/x509sig/X509XmlStrService1" }, JavaPermission{actions="POST:AcceptSOAPActionUser-Agent" className="java.net.URLPermission" name="http://localhost:8010/x509sig/X509XmlSigService3" }, JavaPermission{actions="POST:AcceptSOAPActionUser-Agent" className="java.net.URLPermission" name="http://localhost:8010/xmlsig/X509XmlSigService1" }, JavaPermission{actions="POST:AcceptSOAPActionUser-Agent" className="java.net.URLPermission" name="http://localhost:8010/x509sig/X509XmlStrService2" }, JavaPermission{actions="read" className="java.util.PropertyPermission" name="javax.xml.soap.MessageFactory" }, JavaPermission{actions="*" className="org.osgi.framework.AdminPermission" name="*" }, JavaPermission{className="java.security.SecurityPermission" name="org.apache.xml.security.register" }, JavaPermission{className="java.lang.RuntimePermission" name="accessClassInPackage.sun.net.www.protocol.c" }]
[06/06/2021 00:19:16:972 PDT] 001 LibertyFileManager             moveLibertyFile                I Moving C:/Users/Administrator/libertyGit/open-liberty/dev/com.ibm.ws.wssecurity_fat.wsscxf.1/build/libs/autoFVT/publish/servers/com.ibm.ws.wssecurity_fat.x509sig/server_badclpwd.xml.tmp to C:/Users/Administrator/libertyGit/open-liberty/dev/com.ibm.ws.wssecurity_fat.wsscxf.1/build/libs/autoFVT/publish/servers/com.ibm.ws.wssecurity_fat.x509sig/server_badclpwd.xml
[06/06/2021 00:19:17:425 PDT] 001 LibertyFileManager             moveLibertyFile                I server_badclpwd.xml was successfully copied.
[06/06/2021 00:19:17:425 PDT] 001 FeatureReplacementAction       setup                          I Original features:  [appsecurity-2.0, jsp-2.2, servlet-3.1, ssl-1.0, usr:wsseccbh-1.0, jaxws-2.2, wssecurity-1.1]
[06/06/2021 00:19:17:425 PDT] 001 FeatureReplacementAction       getReplacementFeature          I Replace feature [ servlet-3.1 ] with [ servlet-4.0 ]
[06/06/2021 00:19:17:425 PDT] 001 FeatureReplacementAction       getReplacementFeature          I Replace feature [ appsecurity-2.0 ] with [ appSecurity-3.0 ]
[06/06/2021 00:19:17:425 PDT] 001 FeatureReplacementAction       getReplacementFeature          I Replace feature [ jaxws-2.2 ] with [ jaxws-2.3 ]
[06/06/2021 00:19:17:425 PDT] 001 FeatureReplacementAction       getReplacementFeature          I Replace feature [ jsp-2.2 ] with [ jsp-2.3 ]
[06/06/2021 00:19:17:425 PDT] 001 FeatureReplacementAction       getReplacementFeature          I Replace feature [ usr:wsseccbh-1.0 ] with [ usr:wsseccbh-2.0 ]
[06/06/2021 00:19:17:425 PDT] 001 FeatureReplacementAction       setup                          I Resulting features: [jsp-2.3, servlet-4.0, usr:wsseccbh-2.0, ssl-1.0, jaxws-2.3, appSecurity-3.0, wssecurity-1.1]
[06/06/2021 00:19:17:441 PDT] 001 FeatureReplacementAction       setup                          I Config: ServerConfiguration
FeatureManager{feature="jsp-2.3" feature="servlet-4.0" feature="usr:wsseccbh-2.0" feature="ssl-1.0" feature="jaxws-2.3" feature="appSecurity-3.0" feature="wssecurity-1.1" }[BasicRegistry{realm="customRealm" User{name="user1" password="security" },User{name="user2" password="security" },User{name="test1" password="test1" },User{name="test2" password="test2" },User{name="unknown" password="noPassword" },User{name="user1pw" password="pw8server" },}][IncludeElement{location="../fatTestPorts.xml" }][JavaPermission{actions="read" className="java.io.FilePermission" name="ALL FILES" }, JavaPermission{className="java.lang.RuntimePermission" name="accessClassInPackage.com.sun.xml.internal.messaging.saaj.soap" }, JavaPermission{className="java.lang.RuntimePermission" name="accessClassInPackage.com.sun.xml.internal.messaging.saaj.soap.ver1_1" }, JavaPermission{className="java.lang.RuntimePermission" name="accessClassInPackage.com.sun.xml.internal.messaging.saaj.util" }, JavaPermission{className="java.lang.RuntimePermission" name="accessClassInPackage.com.sun.xml.internal.messaging.saaj.soap.name" }, JavaPermission{className="java.lang.RuntimePermission" name="accessClassInPackage.com.sun.xml.internal.messaging.saaj.soap.impl" }, JavaPermission{actions="POST:AcceptSOAPActionUser-Agent" className="java.net.URLPermission" name="http://localhost:8010/sha2sig/Sha2SigService1" }, JavaPermission{actions="POST:AcceptSOAPActionUser-Agent" className="java.net.URLPermission" name="http://localhost:8010/sha2sig/Sha2SigService2" }, JavaPermission{actions="POST:AcceptSOAPActionUser-Agent" className="java.net.URLPermission" name="http://localhost:8010/sha2sig/Sha2SigService3" }, JavaPermission{actions="POST:AcceptSOAPActionUser-Agent" className="java.net.URLPermission" name="http://localhost:8010/sha2sig/Sha2SigService4" }, JavaPermission{actions="POST:AcceptSOAPActionUser-Agent" className="java.net.URLPermission" name="http://localhost:8010/sha2sig/Sha2SigService5" }, JavaPermission{actions="POST:AcceptSOAPActionUser-Agent" 
[...]
[06/06/2021 00:20:54:608 PDT] 001 LibertyServer                  validateServerStarted          I Waiting up to 15 seconds for server confirmation:  CWWKF0011I to be found in C:/Users/Administrator/libertyGit/open-liberty/dev/build.image/wlp/usr/servers/com.ibm.ws.wssecurity_fat.x509async/logs/CxfX509ASyncTests.log
[06/06/2021 00:20:54:608 PDT] 001 LogMonitor                     getMarkOffset                  I Mark offset for C:/Users/Administrator/libertyGit/open-liberty/dev/build.image/wlp/usr/servers/com.ibm.ws.wssecurity_fat.x509async/logs/CxfX509ASyncTests.log=0 for C:/Users/Administrator/libertyGit/open-liberty/dev/build.image/wlp/usr/servers/com.ibm.ws.wssecurity_fat.x509async/logs/CxfX509ASyncTests.log
[06/06/2021 00:20:54:623 PDT] 001 LibertyServer                  validateAppsLoaded             I Started searching for app manager messages at 12:20:54 AM PDT and finished at 12:20:54 AM PDT
[06/06/2021 00:20:54:661 PDT] 001 FeatureDependencyProcessor     validateTestedFeatures         I Validated that all installed features were present in test dependencies JSON file.
[06/06/2021 00:20:54:661 PDT] 001 LogMonitor                     getMarkOffset                  I Mark offset for C:/Users/Administrator/libertyGit/open-liberty/dev/build.image/wlp/usr/servers/com.ibm.ws.wssecurity_fat.x509async/logs/messages.log=0 for C:/Users/Administrator/libertyGit/open-liberty/dev/build.image/wlp/usr/servers/com.ibm.ws.wssecurity_fat.x509async/logs/messages.log
[06/06/2021 00:20:54:676 PDT] 001 CommonTests                    commonSetUp                    I ****clientHttpUrl is:http://localhost:8010/x509aSyncclient/CxfX509AsyncSvcClient
[06/06/2021 00:20:54:676 PDT] 001 CommonTests                    commonSetUp                    I ****portNumber is:8010
[06/06/2021 00:20:54:676 PDT] 001 LogMonitor                     getMarkOffset                  I Mark offset for C:/Users/Administrator/libertyGit/open-liberty/dev/build.image/wlp/usr/servers/com.ibm.ws.wssecurity_fat.x509async/logs/messages.log=0 for C:/Users/Administrator/libertyGit/open-liberty/dev/build.image/wlp/usr/servers/com.ibm.ws.wssecurity_fat.x509async/logs/messages.log
[06/06/2021 00:20:54:676 PDT] 001 CxfX509ASyncTests              setup                          I CBHVersion in setup: EE8
Start printing CommonTests providers
IBMJSSE2 version 1.8
IBMJCE version 1.8
IBMJCEPlus version 1.8
IBMJGSSProvider version 8.0
IBMCertPath version 8.0
IBMSASL version 1.8
IBMXMLCRYPTO version 8.0
IBMXMLEnc version 8.0
IBMSPNEGO version 8.0
SUN version 1.8
Finished printing CommonTests  providers
Start Updating Order
IBM Cert is already before SUN - no update needed
[06/06/2021 00:20:54:676 PDT] 001 FATRunner                      evaluate                       I entering com.ibm.ws.wssecurity.fat.cxf.x509token.CxfX509ASyncTests.testCxfAsyncInvokeNonBlocking
----- Start:  testCxfAsyncInvokeNonBlocking_EE8_FEATURES   ----------------------------------------------------
[06/06/2021 00:20:54:676 PDT] 001 CommonTests                    testCxfAsyncInvokeNonBlocking_ I *****************************Starting TEST: testCxfAsyncInvokeNonBlocking_EE8_FEATURES
[06/06/2021 00:20:54:676 PDT] 001 CommonTests                    testCxfAsyncInvokeNonBlocking_ I *****************************testCxfAsyncInvokeNonBlocking_EE8_FEATURES
[06/06/2021 00:20:54:676 PDT] 001 CommonTests                    testCxfAsyncInvokeNonBlocking_ I In CommontTests.genericAsyncTestSub: generic CXF client code
[06/06/2021 00:20:54:676 PDT] 001 CommonTests                    testCxfAsyncInvokeNonBlocking_ I Invoke service client: http://localhost:8010/x509aSyncclient/CxfX509AsyncSvcClient
[06/06/2021 00:20:54:676 PDT] 001 CommonTests                    testCxfAsyncInvokeNonBlocking_ I CBHVersion is: null
[06/06/2021 00:20:54:676 PDT] 001 CommonTests                    testCxfAsyncInvokeNonBlocking_ I CallBackhandlerVersion is: null
[06/06/2021 00:20:54:692 PDT] 001 CommonTests                    testCxfAsyncInvokeNonBlocking_ I request is: GET request for (null) http://localhost:8010/x509aSyncclient/CxfX509AsyncSvcClient?id=user1&msg=&serviceName=X509AsyncService&testName=testCxfAsyncInvokeNonBlocking_EE8_FEATURES&servicePort=X509AsyncPort&httpSecureDefaultPort=&clientWsdl=&pw=security&httpDefaultPort=8010
[06/06/2021 00:20:54:692 PDT] 001 CommonTests                    testCxfAsyncInvokeNonBlocking_ I Invoke the client - before wc.getResponse
Sending:: User-Agent: httpunit/1.5
Sending:: Accept-Encoding: gzip
Header:: HTTP/1.1 200 OK
Header:: X-Powered-By: Servlet/4.0
Header:: Content-Language: en-US
Header:: Transfer-Encoding: chunked
Header:: Date: Sun, 06 Jun 2021 07:21:06 GMT
[06/06/2021 00:21:06:214 PDT] 001 CommonTests                    testCxfAsyncInvokeNonBlocking_ I After wc.getResponse
[06/06/2021 00:21:06:215 PDT] 001 CommonTests                    testCxfAsyncInvokeNonBlocking_ I Read the response - before response.getText() 
[06/06/2021 00:21:06:215 PDT] 001 CommonTests                    testCxfAsyncInvokeNonBlocking_ I Response from CXF x509 Sig Service client: <html><head><title>CXF x509 Async Service Cleint</title></head><body><p>Request: CXF x509 Async Service Client</p><p>Response: java.util.concurrent.ExecutionException: javax.xml.ws.soap.SOAPFaultException: com.ibm.ws.wssecurity.example.cbhwss4j.CommonPasswordCallbackWss4j cannot be found by com.ibm.ws.org.apache.cxf.rt.security.3.4.1_1.0.53.202106011250</p></body></html>
[06/06/2021 00:21:06:215 PDT] 001 CommonTests                    restoreServer                  I lastServer: C:\Users\Administrator\libertyGit\open-liberty\dev\com.ibm.ws.wssecurity_fat.wsscxf.1\build\libs\autoFVT\publish/servers/com.ibm.ws.wssecurity_fat.x509async/server.xml
[06/06/2021 00:21:06:215 PDT] 001 CommonTests                    restoreServer                  I origServer: C:\Users\Administrator\libertyGit\open-liberty\dev\com.ibm.ws.wssecurity_fat.wsscxf.1\build\libs\autoFVT\publish/servers/com.ibm.ws.wssecurity_fat.x509async/server.xml
[06/06/2021 00:21:06:215 PDT] 001 CommonTests                    reconfigServer                 I ************** Starting server.xml update for: restoreServer
[06/06/2021 00:21:06:216 PDT] 001 LibertyServer                  setMarkToEndOfLog              I Setting mark to the end of logs (if null, messages.log): [Lcom.ibm.websphere.simplicity.RemoteFile;@7382b802
[06/06/2021 00:21:06:217 PDT] 001 LogMonitor                     setMarkToEndOfLog              I C:/Users/Administrator/libertyGit/open-liberty/dev/build.image/wlp/usr/servers/com.ibm.ws.wssecurity_fat.x509async/logs/messages.log, old mark offset=0, new mark offset=67718 for C:/Users/Administrator/libertyGit/open-liberty/dev/build.image/wlp/usr/servers/com.ibm.ws.wssecurity_fat.x509async/logs/messages.log
[06/06/2021 00:21:06:217 PDT] 001 CommonTests                    reconfigServer                 I The SAME SERVER CONFIG file is being used - skipping reconfig
[06/06/2021 00:21:06:217 PDT] 001 CommonTests                    testCxfAsyncInvokeNonBlocking_ I *****************************Ending TEST 
----- End:  org.junit.rules.TestName@792229ed   ----------------------------------------------------
[06/06/2021 00:21:06:217 PDT] 001 FATRunner                      evaluate                       S null
java.lang.AssertionError: 
Expected: 
Response: null
 But received: 
<html><head><title>CXF x509 Async Service Cleint</title></head><body><p>Request: CXF x509 Async Service Client</p><p>Response: java.util.concurrent.ExecutionException: javax.xml.ws.soap.SOAPFaultException: com.ibm.ws.wssecurity.example.cbhwss4j.CommonPasswordCallbackWss4j cannot be found by com.ibm.ws.org.apache.cxf.rt.security.3.4.1_1.0.53.202106011250</p></body></html>

	at org.junit.Assert.fail(Assert.java:93)
	at org.junit.Assert.assertTrue(Assert.java:43)
	at com.ibm.ws.wssecurity.fat.utils.common.CommonTests.genericAsyncTestSub(CommonTests.java:629)
	at com.ibm.ws.wssecurity.fat.utils.common.CommonTests.genericAsyncTest(CommonTests.java:380)
	at com.ibm.ws.wssecurity.fat.utils.common.CommonTests.genericAsyncTest(CommonTests.java:327)
	at com.ibm.ws.wssecurity.fat.cxf.x509token.CxfX509ASyncTests.testCxfAsyncInvokeNonBlocking(CxfX509ASyncTests.java:120)
	at sun.reflect.NativeMethodAccessorImpl.invoke0(Native Method)
	at sun.reflect.NativeMethodAccessorImpl.invoke(NativeMethodAccessorImpl.java:90)
	at sun.reflect.DelegatingMethodAccessorImpl.invoke(DelegatingMethodAccessorImpl.java:55)
	at java.lang.reflect.Method.invoke(Method.java:508)
	at org.junit.runners.model.FrameworkMethod$1.runReflectiveCall(FrameworkMethod.java:45)
	at org.junit.internal.runners.model.ReflectiveCallable.run(ReflectiveCallable.java:15)
	at org.junit.runners.model.FrameworkMethod.invokeExplosively(FrameworkMethod.java:42)
	at org.junit.internal.runners.statements.InvokeMethod.evaluate(InvokeMethod.java:20)
	at org.junit.internal.runners.statements.RunBefores.evaluate(RunBefores.java:28)
	at org.junit.internal.runners.statements.RunAfters.evaluate(RunAfters.java:30)
	at org.junit.rules.TestWatcher$1.evaluate(TestWatcher.java:47)
	at org.junit.rules.RunRules.evaluate(RunRules.java:18)
	at componenttest.custom.junit.runner.FATRunner$1.evaluate(FATRunner.java:197)
	at org.junit.runners.ParentRunner.runLeaf(ParentRunner.java:263)
	at org.junit.runners.BlockJUnit4ClassRunner.runChild(BlockJUnit4ClassRunner.java:68)
	at org.junit.runners.BlockJUnit4ClassRunner.runChild(BlockJUnit4ClassRunner.java:47)
	at org.junit.runners.ParentRunner$3.run(ParentRunner.java:231)
	at org.junit.runners.ParentRunner$1.schedule(ParentRunner.java:60)
	at org.junit.runners.ParentRunner.runChildren(ParentRunner.java:229)
	at org.junit.runners.ParentRunner.access$000(ParentRunner.java:50)
	at org.junit.runners.ParentRunner$2.evaluate(ParentRunner.java:222)
	at org.junit.internal.runners.statements.RunBefores.evaluate(RunBefores.java:28)
	at org.junit.internal.runners.statements.RunAfters.evaluate(RunAfters.java:30)
	at componenttest.custom.junit.runner.FATRunner$2.evaluate(FATRunner.java:318)
	at org.junit.runners.ParentRunner.run(ParentRunner.java:300)
	at componenttest.custom.junit.runner.FATRunner.run(FATRunner.java:171)
	at org.junit.runners.Suite.runChild(Suite.java:128)
	at org.junit.runners.Suite.runChild(Suite.java:24)
	at org.junit.runners.ParentRunner$3.run(ParentRunner.java:231)
	at org.junit.runners.ParentRunner$1.schedule(ParentRunner.java:60)
	at org.junit.runners.ParentRunner.runChildren(ParentRunner.java:229)
	at org.junit.runners.ParentRunner.access$000(ParentRunner.java:50)
	at org.junit.runners.ParentRunner$2.evaluate(ParentRunner.java:222)
	at componenttest.rules.repeater.RepeatTests$CompositeRepeatTestActionStatement.evaluate(RepeatTests.java:115)
	at org.junit.rules.RunRules.evaluate(RunRules.java:18)
	at org.junit.runners.ParentRunner.run(ParentRunner.java:300)
	at junit.framework.JUnit4TestAdapter.run(JUnit4TestAdapter.java:39)
	at org.apache.tools.ant.taskdefs.optional.junit.JUnitTestRunner.run(JUnitTestRunner.java:520)
	at org.apache.tools.ant.taskdefs.optional.junit.JUnitTestRunner.launch(JUnitTestRunner.java:1060)
	at org.apache.tools.ant.taskdefs.optional.junit.JUnitTestRunner.main(JUnitTestRunner.java:911)
[06/06/2021 00:21:06:220 PDT] 001 FATRunner                      evaluate                       I exiting com.ibm.ws.wssecurity.fat.cxf.x509token.CxfX509ASyncTests.testCxfAsyncInvokeNonBlocking
[06/06/2021 00:21:06:231 PDT] 001 CommonTests                    tearDown                       I *****************************tearDown
[06/06/2021 00:21:06:232 PDT] 001 CommonTests                    tearDown                       I Time to stop the server
[06/06/2021 00:21:06:232 PDT] 001 CommonTests                    getIgnoredServerExceptions     I null
[06/06/2021 00:21:06:232 PDT] 001 CommonTests                    tearDown                       I calling stop with no expected exceptions
[06/06/2021 00:21:06:232 PDT] 001 LibertyServer                  stopServer                     I <<< STOPPING SERVER: com.ibm.ws.wssecurity_fat.x509async
[06/06/2021 00:21:10:967 PDT] 001 LibertyServer                  stopServer                     I Stop Server Response: Stopping server com.ibm.ws.wssecurity_fat.x509async.
Server com.ibm.ws.wssecurity_fat.x509async stopped.

[06/06/2021 00:21:10:967 PDT] 001 LogMonitor                     getMarkOffset                  I Mark offset for C:/Users/Administrator/libertyGit/open-liberty/dev/build.image/wlp/usr/servers/com.ibm.ws.wssecurity_fat.x509async/logs/CxfX509ASyncTests.log=0 for C:/Users/Administrator/libertyGit/open-liberty/dev/build.image/wlp/usr/servers/com.ibm.ws.wssecurity_fat.x509async/logs/CxfX509ASyncTests.log
[06/06/2021 00:21:10:967 PDT] 001 LibertyServer                  executeServerScript            I Running server script with command=status
[06/06/2021 00:21:12:205 PDT] 001 LibertyServer                  stopServer                     I Server com.ibm.ws.wssecurity_fat.x509async stopped successfully
[06/06/2021 00:21:12:237 PDT] 001 LibertyServer                  checkLogsForErrorsAndWarnings  I Error/warning found in log ORIGINALLY: [6/6/21 0:20:44:094 PDT] 00000035 com.ibm.ws.config.admin.internal.ConfigurationAdminImpl      W CWWKG0101W: The configuration with the persisted identity (PID) com.ibm.ws.wssecurity.sig.config_70 is bound to the bundle com.ibm.ws.wssecurity.3.4.1. The configuration is not visible to other bundles.  
[06/06/2021 00:21:12:237 PDT] 001 LibertyServer                  checkLogsForErrorsAndWarnings  I Error/warning found in log ORIGINALLY: [6/6/21 0:20:44:198 PDT] 00000035 com.ibm.ws.config.admin.internal.ConfigurationAdminImpl      W CWWKG0101W: The configuration with the persisted identity (PID) com.ibm.ws.wssecurity.sig.config_69 is bound to the bundle com.ibm.ws.wssecurity.3.4.1. The configuration is not visible to other bundles.  
[06/06/2021 00:21:12:237 PDT] 001 LibertyServer                  checkLogsForErrorsAndWarnings  I Error/warning found: [6/6/21 0:20:44:094 PDT] 00000035 com.ibm.ws.config.admin.internal.ConfigurationAdminImpl      W CWWKG0101W: The configuration with the persisted identity (PID) com.ibm.ws.wssecurity.sig.config_70 is bound to the bundle com.ibm.ws.wssecurity.3.4.1. The configuration is not visible to other bundles.  
[06/06/2021 00:21:12:237 PDT] 001 LibertyServer                  checkLogsForErrorsAndWarnings  I Error/warning found: [6/6/21 0:20:44:198 PDT] 00000035 com.ibm.ws.config.admin.internal.ConfigurationAdminImpl      W CWWKG0101W: The configuration with the persisted identity (PID) com.ibm.ws.wssecurity.sig.config_69 is bound to the bundle com.ibm.ws.wssecurity.3.4.1. The configuration is not visible to other bundles.  
[06/06/2021 00:21:12:374 PDT] 001 CommonTests                    tearDown                       I Server stop threw an exception - start
java.lang.Exception: Errors/warnings were found in server com.ibm.ws.wssecurity_fat.x509async logs:
 <br>[6/6/21 0:20:44:094 PDT] 00000035 com.ibm.ws.config.admin.internal.ConfigurationAdminImpl      W CWWKG0101W: The configuration with the persisted identity (PID) com.ibm.ws.wssecurity.sig.config_70 is bound to the bundle com.ibm.ws.wssecurity.3.4.1. The configuration is not visible to other bundles.  
 <br>[6/6/21 0:20:44:198 PDT] 00000035 com.ibm.ws.config.admin.internal.ConfigurationAdminImpl      W CWWKG0101W: The configuration with the persisted identity (PID) com.ibm.ws.wssecurity.sig.config_69 is bound to the bundle com.ibm.ws.wssecurity.3.4.1. The configuration is not visible to other bundles.  
	at componenttest.topology.impl.LibertyServer.checkLogsForErrorsAndWarnings(LibertyServer.java:2603)
	at componenttest.topology.impl.LibertyServer.stopServer(LibertyServer.java:2462)
	at componenttest.topology.impl.LibertyServer.stopServer(LibertyServer.java:2277)
	at componenttest.topology.impl.LibertyServer.stopServer(LibertyServer.java:2252)
	at com.ibm.ws.wssecurity.fat.utils.common.CommonTests.tearDown(CommonTests.java:809)
	at sun.reflect.NativeMethodAccessorImpl.invoke0(Native Method)
	at sun.reflect.NativeMethodAccessorImpl.invoke(NativeMethodAccessorImpl.java:90)
	at sun.reflect.DelegatingMethodAccessorImpl.invoke(DelegatingMethodAccessorImpl.java:55)
	at java.lang.reflect.Method.invoke(Method.java:508)
	at org.junit.runners.model.FrameworkMethod$1.runReflectiveCall(FrameworkMethod.java:45)
	at org.junit.internal.runners.model.ReflectiveCallable.run(ReflectiveCallable.java:15)
	at org.junit.runners.model.FrameworkMethod.invokeExplosively(FrameworkMethod.java:42)
	at org.junit.internal.runners.statements.RunAfters.evaluate(RunAfters.java:36)
	at componenttest.custom.junit.runner.FATRunner$2.evaluate(FATRunner.java:318)
	at org.junit.runners.ParentRunner.run(ParentRunner.java:300)
	at componenttest.custom.junit.runner.FATRunner.run(FATRunner.java:171)
	at org.junit.runners.Suite.runChild(Suite.java:128)
	at org.junit.runners.Suite.runChild(Suite.java:24)
	at org.junit.runners.ParentRunner$3.run(ParentRunner.java:231)
	at org.junit.runners.ParentRunner$1.schedule(ParentRunner.java:60)
	at org.junit.runners.ParentRunner.runChildren(ParentRunner.java:229)
	at org.junit.runners.ParentRunner.access$000(ParentRunner.java:50)
	at org.junit.runners.ParentRunner$2.evaluate(ParentRunner.java:222)
	at componenttest.rules.repeater.RepeatTests$CompositeRepeatTestActionStatement.evaluate(RepeatTests.java:115)
	at org.junit.rules.RunRules.evaluate(RunRules.java:18)
	at org.junit.runners.ParentRunner.run(ParentRunner.java:300)
	at junit.framework.JUnit4TestAdapter.run(JUnit4TestAdapter.java:39)
	at org.apache.tools.ant.taskdefs.optional.junit.JUnitTestRunner.run(JUnitTestRunner.java:520)
	at org.apache.tools.ant.taskdefs.optional.junit.JUnitTestRunner.launch(JUnitTestRunner.java:1060)
	at org.apache.tools.ant.taskdefs.optional.junit.JUnitTestRunner.main(JUnitTestRunner.java:911)
[06/06/2021 00:21:12:374 PDT] 001 CommonTests                    tearDown                       I Server stop threw an exception - end
[06/06/2021 00:21:12:374 PDT] 001 CommonTests                    tearDown                       I Trying to unintall the callback handler
[06/06/2021 00:21:12:374 PDT] 001 SharedTools                    uninstallCallbackHandler       I Looking for file: .\publish\bundles\com.ibm.ws.wssecurity.example.cbh_1.0.0.jar
[06/06/2021 00:21:12:374 PDT] 001 LibertyServerFactory           tidyAllKnownServers            I Now post-test-tidying all servers known to test: com.ibm.ws.wssecurity.fat.cxf.x509token.CxfX509ASyncTests
[06/06/2021 00:21:12:374 PDT] 001 LibertyServerFactory           tidyAllKnownServers            I Tidying server: com.ibm.ws.wssecurity_fat.x509async hash:2074578349
[06/06/2021 00:21:12:374 PDT] 001 LibertyServerFactory           tidyAllKnownServers            I Tidying server: com.ibm.ws.wssecurity_fat.x509async hash:-1295029071
[06/06/2021 00:21:13:391 PDT] 001 LogPolice                      checkUsedTrace                 I So far this FAT has used 6MB of trace.
]]></system-out>
  <system-err><![CDATA[*****************************commonSetUp
*****************************setupSSLCLient
Rhino classes (js.jar) not found - Javascript disabled
*****************************Starting TEST: testCxfAsyncInvokeNonBlocking
*****************************testCxfAsyncInvokeNonBlocking
*****************************Ending TEST 
*****************************tearDown
*****************************commonSetUp
*****************************setupSSLCLient
*****************************Starting TEST: testCxfAsyncInvokeNonBlocking_EE8_FEATURES
*****************************testCxfAsyncInvokeNonBlocking_EE8_FEATURES
*****************************Ending TEST 
*****************************tearDown
]]></system-err>
</testsuite>
